2020-09-08 18:27:39.705 [ main ] - [ INFO  ] [ com.vardea.blog.BlogApplicationTests : 55 ] - Starting BlogApplicationTests on Vostro-14-3449 with PID 4568 (started by leing in E:\DevelopFiles\JAVA\Idea\VarDea-Blog)
2020-09-08 18:27:39.709 [ main ] - [ DEBUG ] [ com.vardea.blog.BlogApplicationTests : 56 ] - Running with Spring Boot v2.3.2.RELEASE, Spring v5.2.8.RELEASE
2020-09-08 18:27:39.710 [ main ] - [ INFO  ] [ com.vardea.blog.BlogApplicationTests : 655 ] - The following profiles are active: dev
2020-09-08 18:27:42.117 [ main ] - [ DEBUG ] [ org.apache.ibatis.logging.LogFactory : 105 ] - Logging initialized using 'class org.apache.ibatis.logging.slf4j.Slf4jImpl' adapter.
2020-09-08 18:27:46.337 [ main ] - [ DEBUG ] [ o.h.v.m.ResourceBundleMessageInterpolator : 172 ] - Loaded expression factory via original TCCL
2020-09-08 18:27:46.372 [ main ] - [ DEBUG ] [ o.h.v.internal.engine.AbstractConfigurationImpl : 171 ] - Setting custom MessageInterpolator of type org.springframework.validation.beanvalidation.LocaleContextMessageInterpolator
2020-09-08 18:27:46.375 [ main ] - [ DEBUG ] [ o.h.v.internal.engine.AbstractConfigurationImpl : 203 ] - Setting custom ConstraintValidatorFactory of type org.springframework.validation.beanvalidation.SpringConstraintValidatorFactory
2020-09-08 18:27:46.378 [ main ] - [ DEBUG ] [ o.h.v.internal.engine.AbstractConfigurationImpl : 217 ] - Setting custom ParameterNameProvider of type org.springframework.validation.beanvalidation.LocalValidatorFactoryBean$1
2020-09-08 18:27:46.381 [ main ] - [ DEBUG ] [ o.h.v.internal.xml.config.ValidationXmlParser : 120 ] - Trying to load META-INF/validation.xml for XML based Validator configuration.
2020-09-08 18:27:46.382 [ main ] - [ DEBUG ] [ o.h.v.internal.xml.config.ResourceLoaderHelper : 53 ] - Trying to load META-INF/validation.xml via user class loader
2020-09-08 18:27:46.384 [ main ] - [ DEBUG ] [ o.h.v.internal.xml.config.ResourceLoaderHelper : 60 ] - Trying to load META-INF/validation.xml via TCCL
2020-09-08 18:27:46.387 [ main ] - [ DEBUG ] [ o.h.v.internal.xml.config.ResourceLoaderHelper : 66 ] - Trying to load META-INF/validation.xml via Hibernate Validator's class loader
2020-09-08 18:27:46.388 [ main ] - [ DEBUG ] [ o.h.v.internal.xml.config.ValidationXmlParser : 127 ] - No META-INF/validation.xml found. Using annotation based configuration only.
2020-09-08 18:27:46.396 [ main ] - [ DEBUG ] [ o.h.v.i.engine.resolver.TraversableResolvers : 60 ] - Cannot find javax.persistence.Persistence on classpath. Assuming non JPA 2 environment. All properties will per default be traversable.
2020-09-08 18:27:46.402 [ main ] - [ DEBUG ] [ o.h.v.i.engine.ValidatorFactoryConfigurationHelper : 300 ] - HV000252: Using org.hibernate.validator.internal.engine.DefaultPropertyNodeNameProvider as property node name provider.
2020-09-08 18:27:46.405 [ main ] - [ DEBUG ] [ o.h.v.i.engine.ValidatorFactoryConfigurationHelper : 375 ] - HV000234: Using org.springframework.validation.beanvalidation.LocaleContextMessageInterpolator as ValidatorFactory-scoped message interpolator.
2020-09-08 18:27:46.406 [ main ] - [ DEBUG ] [ o.h.v.i.engine.ValidatorFactoryConfigurationHelper : 376 ] - HV000234: Using org.hibernate.validator.internal.engine.resolver.TraverseAllTraversableResolver as ValidatorFactory-scoped traversable resolver.
2020-09-08 18:27:46.411 [ main ] - [ DEBUG ] [ o.h.v.i.engine.ValidatorFactoryConfigurationHelper : 377 ] - HV000234: Using org.hibernate.validator.internal.util.ExecutableParameterNameProvider as ValidatorFactory-scoped parameter name provider.
2020-09-08 18:27:46.428 [ main ] - [ DEBUG ] [ o.h.v.i.engine.ValidatorFactoryConfigurationHelper : 378 ] - HV000234: Using org.hibernate.validator.internal.engine.DefaultClockProvider as ValidatorFactory-scoped clock provider.
2020-09-08 18:27:46.429 [ main ] - [ DEBUG ] [ o.h.v.i.engine.ValidatorFactoryConfigurationHelper : 379 ] - HV000234: Using org.hibernate.validator.internal.engine.scripting.DefaultScriptEvaluatorFactory as ValidatorFactory-scoped script evaluator factory.
2020-09-08 18:27:50.178 [ main ] - [ INFO  ] [ c.a.d.s.b.a.DruidDataSourceAutoConfigure : 56 ] - Init DruidDataSource
2020-09-08 18:27:52.554 [ main ] - [ DEBUG ] [ druid.sql.Connection : 129 ] - {conn-10001} connected
2020-09-08 18:27:52.600 [ main ] - [ DEBUG ] [ druid.sql.Connection : 129 ] - {conn-10002} connected
2020-09-08 18:27:52.646 [ main ] - [ DEBUG ] [ druid.sql.Connection : 129 ] - {conn-10003} connected
2020-09-08 18:27:52.686 [ main ] - [ DEBUG ] [ druid.sql.Connection : 129 ] - {conn-10004} connected
2020-09-08 18:27:52.728 [ main ] - [ DEBUG ] [ druid.sql.Connection : 129 ] - {conn-10005} connected
2020-09-08 18:27:52.759 [ main ] - [ INFO  ] [ com.alibaba.druid.pool.DruidDataSource : 930 ] - {dataSource-1} inited
2020-09-08 18:27:54.743 [ main ] - [ INFO  ] [ com.vardea.blog.BlogApplicationTests : 61 ] - Started BlogApplicationTests in 16.802 seconds (JVM running for 20.12)
2020-09-08 18:27:55.662 [ SpringContextShutdownHook ] - [ DEBUG ] [ druid.sql.Connection : 129 ] - {conn-10001} closed
2020-09-08 18:27:55.664 [ SpringContextShutdownHook ] - [ DEBUG ] [ druid.sql.Connection : 129 ] - {conn-10002} closed
2020-09-08 18:27:55.667 [ SpringContextShutdownHook ] - [ DEBUG ] [ druid.sql.Connection : 129 ] - {conn-10003} closed
2020-09-08 18:27:55.669 [ SpringContextShutdownHook ] - [ DEBUG ] [ druid.sql.Connection : 129 ] - {conn-10004} closed
2020-09-08 18:27:55.674 [ SpringContextShutdownHook ] - [ DEBUG ] [ druid.sql.Connection : 129 ] - {conn-10005} closed
2020-09-08 18:27:55.676 [ SpringContextShutdownHook ] - [ INFO  ] [ com.alibaba.druid.pool.DruidDataSource : 1825 ] - {dataSource-1} closed
2020-09-08 18:31:48.309 [ main ] - [ INFO  ] [ com.vardea.blog.BlogApplicationTests : 55 ] - Starting BlogApplicationTests on Vostro-14-3449 with PID 4948 (started by leing in E:\DevelopFiles\JAVA\Idea\VarDea-Blog)
2020-09-08 18:31:48.315 [ main ] - [ DEBUG ] [ com.vardea.blog.BlogApplicationTests : 56 ] - Running with Spring Boot v2.3.2.RELEASE, Spring v5.2.8.RELEASE
2020-09-08 18:31:48.316 [ main ] - [ INFO  ] [ com.vardea.blog.BlogApplicationTests : 655 ] - The following profiles are active: dev
2020-09-08 18:32:01.958 [ main ] - [ INFO  ] [ c.a.d.s.b.a.DruidDataSourceAutoConfigure : 56 ] - Init DruidDataSource
2020-09-08 18:32:05.897 [ main ] - [ INFO  ] [ com.alibaba.druid.pool.DruidDataSource : 930 ] - {dataSource-1} inited
2020-09-08 18:32:07.564 [ main ] - [ INFO  ] [ com.vardea.blog.BlogApplicationTests : 61 ] - Started BlogApplicationTests in 21.278 seconds (JVM running for 24.873)
2020-09-08 18:32:08.995 [ SpringContextShutdownHook ] - [ INFO  ] [ com.alibaba.druid.pool.DruidDataSource : 1825 ] - {dataSource-1} closed
2020-09-08 19:26:13.843 [ main ] - [ INFO  ] [ com.vardea.blog.BlogApplicationTests : 55 ] - Starting BlogApplicationTests on Vostro-14-3449 with PID 11380 (started by leing in E:\DevelopFiles\JAVA\Idea\VarDea-Blog)
2020-09-08 19:26:13.847 [ main ] - [ DEBUG ] [ com.vardea.blog.BlogApplicationTests : 56 ] - Running with Spring Boot v2.3.2.RELEASE, Spring v5.2.8.RELEASE
2020-09-08 19:26:13.848 [ main ] - [ INFO  ] [ com.vardea.blog.BlogApplicationTests : 655 ] - The following profiles are active: dev
2020-09-08 19:26:21.947 [ main ] - [ INFO  ] [ c.a.d.s.b.a.DruidDataSourceAutoConfigure : 56 ] - Init DruidDataSource
2020-09-08 19:26:24.559 [ main ] - [ INFO  ] [ com.alibaba.druid.pool.DruidDataSource : 930 ] - {dataSource-1} inited
2020-09-08 19:26:25.567 [ main ] - [ INFO  ] [ com.vardea.blog.BlogApplicationTests : 61 ] - Started BlogApplicationTests in 13.803 seconds (JVM running for 18.567)
2020-09-08 19:26:26.268 [ SpringContextShutdownHook ] - [ INFO  ] [ com.alibaba.druid.pool.DruidDataSource : 1825 ] - {dataSource-1} closed
2020-09-08 19:27:51.420 [ main ] - [ INFO  ] [ com.vardea.blog.BlogApplicationTests : 55 ] - Starting BlogApplicationTests on Vostro-14-3449 with PID 10056 (started by leing in E:\DevelopFiles\JAVA\Idea\VarDea-Blog)
2020-09-08 19:27:51.425 [ main ] - [ DEBUG ] [ com.vardea.blog.BlogApplicationTests : 56 ] - Running with Spring Boot v2.3.2.RELEASE, Spring v5.2.8.RELEASE
2020-09-08 19:27:51.426 [ main ] - [ INFO  ] [ com.vardea.blog.BlogApplicationTests : 655 ] - The following profiles are active: dev
2020-09-08 19:28:00.130 [ main ] - [ INFO  ] [ c.a.d.s.b.a.DruidDataSourceAutoConfigure : 56 ] - Init DruidDataSource
2020-09-08 19:28:02.482 [ main ] - [ INFO  ] [ com.alibaba.druid.pool.DruidDataSource : 930 ] - {dataSource-1} inited
2020-09-08 19:28:03.652 [ main ] - [ INFO  ] [ com.vardea.blog.BlogApplicationTests : 61 ] - Started BlogApplicationTests in 14.212 seconds (JVM running for 17.878)
2020-09-08 19:28:04.226 [ SpringContextShutdownHook ] - [ INFO  ] [ com.alibaba.druid.pool.DruidDataSource : 1825 ] - {dataSource-1} closed
2020-09-08 19:28:33.215 [ main ] - [ INFO  ] [ com.vardea.blog.BlogApplicationTests : 55 ] - Starting BlogApplicationTests on Vostro-14-3449 with PID 10452 (started by leing in E:\DevelopFiles\JAVA\Idea\VarDea-Blog)
2020-09-08 19:28:33.220 [ main ] - [ DEBUG ] [ com.vardea.blog.BlogApplicationTests : 56 ] - Running with Spring Boot v2.3.2.RELEASE, Spring v5.2.8.RELEASE
2020-09-08 19:28:33.221 [ main ] - [ INFO  ] [ com.vardea.blog.BlogApplicationTests : 655 ] - The following profiles are active: dev
2020-09-08 19:28:35.422 [ main ] - [ DEBUG ] [ org.apache.ibatis.logging.LogFactory : 105 ] - Logging initialized using 'class org.apache.ibatis.logging.slf4j.Slf4jImpl' adapter.
2020-09-08 19:28:39.464 [ main ] - [ DEBUG ] [ o.h.v.m.ResourceBundleMessageInterpolator : 172 ] - Loaded expression factory via original TCCL
2020-09-08 19:28:39.496 [ main ] - [ DEBUG ] [ o.h.v.internal.engine.AbstractConfigurationImpl : 171 ] - Setting custom MessageInterpolator of type org.springframework.validation.beanvalidation.LocaleContextMessageInterpolator
2020-09-08 19:28:39.498 [ main ] - [ DEBUG ] [ o.h.v.internal.engine.AbstractConfigurationImpl : 203 ] - Setting custom ConstraintValidatorFactory of type org.springframework.validation.beanvalidation.SpringConstraintValidatorFactory
2020-09-08 19:28:39.501 [ main ] - [ DEBUG ] [ o.h.v.internal.engine.AbstractConfigurationImpl : 217 ] - Setting custom ParameterNameProvider of type org.springframework.validation.beanvalidation.LocalValidatorFactoryBean$1
2020-09-08 19:28:39.505 [ main ] - [ DEBUG ] [ o.h.v.internal.xml.config.ValidationXmlParser : 120 ] - Trying to load META-INF/validation.xml for XML based Validator configuration.
2020-09-08 19:28:39.507 [ main ] - [ DEBUG ] [ o.h.v.internal.xml.config.ResourceLoaderHelper : 53 ] - Trying to load META-INF/validation.xml via user class loader
2020-09-08 19:28:39.510 [ main ] - [ DEBUG ] [ o.h.v.internal.xml.config.ResourceLoaderHelper : 60 ] - Trying to load META-INF/validation.xml via TCCL
2020-09-08 19:28:39.511 [ main ] - [ DEBUG ] [ o.h.v.internal.xml.config.ResourceLoaderHelper : 66 ] - Trying to load META-INF/validation.xml via Hibernate Validator's class loader
2020-09-08 19:28:39.514 [ main ] - [ DEBUG ] [ o.h.v.internal.xml.config.ValidationXmlParser : 127 ] - No META-INF/validation.xml found. Using annotation based configuration only.
2020-09-08 19:28:39.520 [ main ] - [ DEBUG ] [ o.h.v.i.engine.resolver.TraversableResolvers : 60 ] - Cannot find javax.persistence.Persistence on classpath. Assuming non JPA 2 environment. All properties will per default be traversable.
2020-09-08 19:28:39.527 [ main ] - [ DEBUG ] [ o.h.v.i.engine.ValidatorFactoryConfigurationHelper : 300 ] - HV000252: Using org.hibernate.validator.internal.engine.DefaultPropertyNodeNameProvider as property node name provider.
2020-09-08 19:28:39.528 [ main ] - [ DEBUG ] [ o.h.v.i.engine.ValidatorFactoryConfigurationHelper : 375 ] - HV000234: Using org.springframework.validation.beanvalidation.LocaleContextMessageInterpolator as ValidatorFactory-scoped message interpolator.
2020-09-08 19:28:39.529 [ main ] - [ DEBUG ] [ o.h.v.i.engine.ValidatorFactoryConfigurationHelper : 376 ] - HV000234: Using org.hibernate.validator.internal.engine.resolver.TraverseAllTraversableResolver as ValidatorFactory-scoped traversable resolver.
2020-09-08 19:28:39.530 [ main ] - [ DEBUG ] [ o.h.v.i.engine.ValidatorFactoryConfigurationHelper : 377 ] - HV000234: Using org.hibernate.validator.internal.util.ExecutableParameterNameProvider as ValidatorFactory-scoped parameter name provider.
2020-09-08 19:28:39.535 [ main ] - [ DEBUG ] [ o.h.v.i.engine.ValidatorFactoryConfigurationHelper : 378 ] - HV000234: Using org.hibernate.validator.internal.engine.DefaultClockProvider as ValidatorFactory-scoped clock provider.
2020-09-08 19:28:39.536 [ main ] - [ DEBUG ] [ o.h.v.i.engine.ValidatorFactoryConfigurationHelper : 379 ] - HV000234: Using org.hibernate.validator.internal.engine.scripting.DefaultScriptEvaluatorFactory as ValidatorFactory-scoped script evaluator factory.
2020-09-08 19:28:42.154 [ main ] - [ INFO  ] [ c.a.d.s.b.a.DruidDataSourceAutoConfigure : 56 ] - Init DruidDataSource
2020-09-08 19:28:44.613 [ main ] - [ DEBUG ] [ druid.sql.Connection : 129 ] - {conn-10001} connected
2020-09-08 19:28:44.656 [ main ] - [ DEBUG ] [ druid.sql.Connection : 129 ] - {conn-10002} connected
2020-09-08 19:28:44.749 [ main ] - [ DEBUG ] [ druid.sql.Connection : 129 ] - {conn-10003} connected
2020-09-08 19:28:44.784 [ main ] - [ DEBUG ] [ druid.sql.Connection : 129 ] - {conn-10004} connected
2020-09-08 19:28:44.818 [ main ] - [ DEBUG ] [ druid.sql.Connection : 129 ] - {conn-10005} connected
2020-09-08 19:28:44.837 [ main ] - [ INFO  ] [ com.alibaba.druid.pool.DruidDataSource : 930 ] - {dataSource-1} inited
2020-09-08 19:28:45.972 [ main ] - [ INFO  ] [ com.vardea.blog.BlogApplicationTests : 61 ] - Started BlogApplicationTests in 14.656 seconds (JVM running for 18.635)
2020-09-08 19:28:46.579 [ SpringContextShutdownHook ] - [ DEBUG ] [ druid.sql.Connection : 129 ] - {conn-10001} closed
2020-09-08 19:28:46.582 [ SpringContextShutdownHook ] - [ DEBUG ] [ druid.sql.Connection : 129 ] - {conn-10002} closed
2020-09-08 19:28:46.585 [ SpringContextShutdownHook ] - [ DEBUG ] [ druid.sql.Connection : 129 ] - {conn-10003} closed
2020-09-08 19:28:46.588 [ SpringContextShutdownHook ] - [ DEBUG ] [ druid.sql.Connection : 129 ] - {conn-10004} closed
2020-09-08 19:28:46.592 [ SpringContextShutdownHook ] - [ DEBUG ] [ druid.sql.Connection : 129 ] - {conn-10005} closed
2020-09-08 19:28:46.595 [ SpringContextShutdownHook ] - [ INFO  ] [ com.alibaba.druid.pool.DruidDataSource : 1825 ] - {dataSource-1} closed
2020-09-08 19:38:30.328 [ background-preinit ] - [ DEBUG ] [ o.h.v.i.engine.ValidatorFactoryConfigurationHelper : 300 ] - HV000252: Using org.hibernate.validator.internal.engine.DefaultPropertyNodeNameProvider as property node name provider.
2020-09-08 19:38:30.357 [ background-preinit ] - [ DEBUG ] [ o.h.v.i.engine.ValidatorFactoryConfigurationHelper : 375 ] - HV000234: Using org.hibernate.validator.messageinterpolation.ResourceBundleMessageInterpolator as ValidatorFactory-scoped message interpolator.
2020-09-08 19:38:30.359 [ background-preinit ] - [ DEBUG ] [ o.h.v.i.engine.ValidatorFactoryConfigurationHelper : 376 ] - HV000234: Using org.hibernate.validator.internal.engine.resolver.TraverseAllTraversableResolver as ValidatorFactory-scoped traversable resolver.
2020-09-08 19:38:30.360 [ background-preinit ] - [ DEBUG ] [ o.h.v.i.engine.ValidatorFactoryConfigurationHelper : 377 ] - HV000234: Using org.hibernate.validator.internal.util.ExecutableParameterNameProvider as ValidatorFactory-scoped parameter name provider.
2020-09-08 19:38:30.361 [ background-preinit ] - [ DEBUG ] [ o.h.v.i.engine.ValidatorFactoryConfigurationHelper : 378 ] - HV000234: Using org.hibernate.validator.internal.engine.DefaultClockProvider as ValidatorFactory-scoped clock provider.
2020-09-08 19:38:30.365 [ background-preinit ] - [ DEBUG ] [ o.h.v.i.engine.ValidatorFactoryConfigurationHelper : 379 ] - HV000234: Using org.hibernate.validator.internal.engine.scripting.DefaultScriptEvaluatorFactory as ValidatorFactory-scoped script evaluator factory.
2020-09-08 19:38:30.546 [ main ] - [ INFO  ] [ com.vardea.blog.BlogApplicationTests : 55 ] - Starting BlogApplicationTests on Vostro-14-3449 with PID 124 (started by leing in E:\DevelopFiles\JAVA\Idea\VarDea-Blog)
2020-09-08 19:38:30.549 [ main ] - [ DEBUG ] [ com.vardea.blog.BlogApplicationTests : 56 ] - Running with Spring Boot v2.3.2.RELEASE, Spring v5.2.8.RELEASE
2020-09-08 19:38:30.550 [ main ] - [ INFO  ] [ com.vardea.blog.BlogApplicationTests : 655 ] - The following profiles are active: dev
2020-09-08 19:38:32.930 [ main ] - [ DEBUG ] [ org.apache.ibatis.logging.LogFactory : 105 ] - Logging initialized using 'class org.apache.ibatis.logging.slf4j.Slf4jImpl' adapter.
2020-09-08 19:38:36.586 [ main ] - [ DEBUG ] [ o.h.v.m.ResourceBundleMessageInterpolator : 172 ] - Loaded expression factory via original TCCL
2020-09-08 19:38:36.612 [ main ] - [ DEBUG ] [ o.h.v.internal.engine.AbstractConfigurationImpl : 171 ] - Setting custom MessageInterpolator of type org.springframework.validation.beanvalidation.LocaleContextMessageInterpolator
2020-09-08 19:38:36.614 [ main ] - [ DEBUG ] [ o.h.v.internal.engine.AbstractConfigurationImpl : 203 ] - Setting custom ConstraintValidatorFactory of type org.springframework.validation.beanvalidation.SpringConstraintValidatorFactory
2020-09-08 19:38:36.615 [ main ] - [ DEBUG ] [ o.h.v.internal.engine.AbstractConfigurationImpl : 217 ] - Setting custom ParameterNameProvider of type org.springframework.validation.beanvalidation.LocalValidatorFactoryBean$1
2020-09-08 19:38:36.619 [ main ] - [ DEBUG ] [ o.h.v.internal.xml.config.ValidationXmlParser : 120 ] - Trying to load META-INF/validation.xml for XML based Validator configuration.
2020-09-08 19:38:36.620 [ main ] - [ DEBUG ] [ o.h.v.internal.xml.config.ResourceLoaderHelper : 53 ] - Trying to load META-INF/validation.xml via user class loader
2020-09-08 19:38:36.621 [ main ] - [ DEBUG ] [ o.h.v.internal.xml.config.ResourceLoaderHelper : 60 ] - Trying to load META-INF/validation.xml via TCCL
2020-09-08 19:38:36.622 [ main ] - [ DEBUG ] [ o.h.v.internal.xml.config.ResourceLoaderHelper : 66 ] - Trying to load META-INF/validation.xml via Hibernate Validator's class loader
2020-09-08 19:38:36.625 [ main ] - [ DEBUG ] [ o.h.v.internal.xml.config.ValidationXmlParser : 127 ] - No META-INF/validation.xml found. Using annotation based configuration only.
2020-09-08 19:38:36.628 [ main ] - [ DEBUG ] [ o.h.v.i.engine.resolver.TraversableResolvers : 60 ] - Cannot find javax.persistence.Persistence on classpath. Assuming non JPA 2 environment. All properties will per default be traversable.
2020-09-08 19:38:36.635 [ main ] - [ DEBUG ] [ o.h.v.i.engine.ValidatorFactoryConfigurationHelper : 300 ] - HV000252: Using org.hibernate.validator.internal.engine.DefaultPropertyNodeNameProvider as property node name provider.
2020-09-08 19:38:36.637 [ main ] - [ DEBUG ] [ o.h.v.i.engine.ValidatorFactoryConfigurationHelper : 375 ] - HV000234: Using org.springframework.validation.beanvalidation.LocaleContextMessageInterpolator as ValidatorFactory-scoped message interpolator.
2020-09-08 19:38:36.639 [ main ] - [ DEBUG ] [ o.h.v.i.engine.ValidatorFactoryConfigurationHelper : 376 ] - HV000234: Using org.hibernate.validator.internal.engine.resolver.TraverseAllTraversableResolver as ValidatorFactory-scoped traversable resolver.
2020-09-08 19:38:36.639 [ main ] - [ DEBUG ] [ o.h.v.i.engine.ValidatorFactoryConfigurationHelper : 377 ] - HV000234: Using org.hibernate.validator.internal.util.ExecutableParameterNameProvider as ValidatorFactory-scoped parameter name provider.
2020-09-08 19:38:36.642 [ main ] - [ DEBUG ] [ o.h.v.i.engine.ValidatorFactoryConfigurationHelper : 378 ] - HV000234: Using org.hibernate.validator.internal.engine.DefaultClockProvider as ValidatorFactory-scoped clock provider.
2020-09-08 19:38:36.643 [ main ] - [ DEBUG ] [ o.h.v.i.engine.ValidatorFactoryConfigurationHelper : 379 ] - HV000234: Using org.hibernate.validator.internal.engine.scripting.DefaultScriptEvaluatorFactory as ValidatorFactory-scoped script evaluator factory.
2020-09-08 19:38:38.512 [ main ] - [ INFO  ] [ c.a.d.s.b.a.DruidDataSourceAutoConfigure : 56 ] - Init DruidDataSource
2020-09-08 19:38:40.297 [ main ] - [ DEBUG ] [ druid.sql.Connection : 129 ] - {conn-10001} connected
2020-09-08 19:38:40.337 [ main ] - [ DEBUG ] [ druid.sql.Connection : 129 ] - {conn-10002} connected
2020-09-08 19:38:40.371 [ main ] - [ DEBUG ] [ druid.sql.Connection : 129 ] - {conn-10003} connected
2020-09-08 19:38:40.405 [ main ] - [ DEBUG ] [ druid.sql.Connection : 129 ] - {conn-10004} connected
2020-09-08 19:38:40.436 [ main ] - [ DEBUG ] [ druid.sql.Connection : 129 ] - {conn-10005} connected
2020-09-08 19:38:40.448 [ main ] - [ INFO  ] [ com.alibaba.druid.pool.DruidDataSource : 930 ] - {dataSource-1} inited
2020-09-08 19:38:41.499 [ main ] - [ DEBUG ] [ i.n.util.internal.logging.InternalLoggerFactory : 45 ] - Using SLF4J as the default logging framework
2020-09-08 19:38:41.506 [ main ] - [ DEBUG ] [ io.lettuce.core.resource.DefaultClientResources : 108 ] - -Dio.netty.eventLoopThreads: 4
2020-09-08 19:38:41.527 [ main ] - [ DEBUG ] [ i.l.core.resource.DefaultEventLoopGroupProvider : 196 ] - Creating executor io.netty.util.concurrent.DefaultEventExecutorGroup
2020-09-08 19:38:41.577 [ main ] - [ DEBUG ] [ io.netty.util.internal.InternalThreadLocalMap : 56 ] - -Dio.netty.threadLocalMap.stringBuilder.initialSize: 1024
2020-09-08 19:38:41.578 [ main ] - [ DEBUG ] [ io.netty.util.internal.InternalThreadLocalMap : 59 ] - -Dio.netty.threadLocalMap.stringBuilder.maxSize: 4096
2020-09-08 19:38:41.592 [ main ] - [ DEBUG ] [ io.netty.util.ResourceLeakDetector : 130 ] - -Dio.netty.leakDetection.level: simple
2020-09-08 19:38:41.593 [ main ] - [ DEBUG ] [ io.netty.util.ResourceLeakDetector : 131 ] - -Dio.netty.leakDetection.targetRecords: 4
2020-09-08 19:38:41.597 [ main ] - [ DEBUG ] [ io.netty.util.ResourceLeakDetectorFactory : 196 ] - Loaded default ResourceLeakDetector: io.netty.util.ResourceLeakDetector@33ebe4f0
2020-09-08 19:38:41.913 [ main ] - [ DEBUG ] [ io.netty.util.internal.PlatformDependent : 1015 ] - Platform: Windows
2020-09-08 19:38:41.918 [ main ] - [ DEBUG ] [ io.netty.util.internal.PlatformDependent0 : 408 ] - -Dio.netty.noUnsafe: false
2020-09-08 19:38:41.920 [ main ] - [ DEBUG ] [ io.netty.util.internal.PlatformDependent0 : 876 ] - Java version: 8
2020-09-08 19:38:41.923 [ main ] - [ DEBUG ] [ io.netty.util.internal.PlatformDependent0 : 125 ] - sun.misc.Unsafe.theUnsafe: available
2020-09-08 19:38:41.925 [ main ] - [ DEBUG ] [ io.netty.util.internal.PlatformDependent0 : 149 ] - sun.misc.Unsafe.copyMemory: available
2020-09-08 19:38:41.927 [ main ] - [ DEBUG ] [ io.netty.util.internal.PlatformDependent0 : 187 ] - java.nio.Buffer.address: available
2020-09-08 19:38:41.929 [ main ] - [ DEBUG ] [ io.netty.util.internal.PlatformDependent0 : 252 ] - direct buffer constructor: available
2020-09-08 19:38:41.932 [ main ] - [ DEBUG ] [ io.netty.util.internal.PlatformDependent0 : 326 ] - java.nio.Bits.unaligned: available, true
2020-09-08 19:38:41.933 [ main ] - [ DEBUG ] [ io.netty.util.internal.PlatformDependent0 : 391 ] - jdk.internal.misc.Unsafe.allocateUninitializedArray(int): unavailable prior to Java9
2020-09-08 19:38:41.935 [ main ] - [ DEBUG ] [ io.netty.util.internal.PlatformDependent0 : 398 ] - java.nio.DirectByteBuffer.<init>(long, int): available
2020-09-08 19:38:41.935 [ main ] - [ DEBUG ] [ io.netty.util.internal.PlatformDependent : 1058 ] - sun.misc.Unsafe: available
2020-09-08 19:38:41.937 [ main ] - [ DEBUG ] [ io.netty.util.internal.PlatformDependent : 1177 ] - -Dio.netty.tmpdir: C:\Users\leing\AppData\Local\Temp (java.io.tmpdir)
2020-09-08 19:38:41.938 [ main ] - [ DEBUG ] [ io.netty.util.internal.PlatformDependent : 1256 ] - -Dio.netty.bitMode: 64 (sun.arch.data.model)
2020-09-08 19:38:41.940 [ main ] - [ DEBUG ] [ io.netty.util.internal.PlatformDependent : 177 ] - -Dio.netty.maxDirectMemory: 1888485376 bytes
2020-09-08 19:38:41.941 [ main ] - [ DEBUG ] [ io.netty.util.internal.PlatformDependent : 184 ] - -Dio.netty.uninitializedArrayAllocationThreshold: -1
2020-09-08 19:38:41.944 [ main ] - [ DEBUG ] [ io.netty.util.internal.CleanerJava6 : 92 ] - java.nio.ByteBuffer.cleaner(): available
2020-09-08 19:38:41.945 [ main ] - [ DEBUG ] [ io.netty.util.internal.PlatformDependent : 204 ] - -Dio.netty.noPreferDirect: false
2020-09-08 19:38:41.962 [ main ] - [ DEBUG ] [ io.netty.util.internal.PlatformDependent : 919 ] - org.jctools-core.MpscChunkedArrayQueue: available
2020-09-08 19:38:41.988 [ main ] - [ DEBUG ] [ reactor.util.Loggers$LoggerFactory : 249 ] - Using Slf4j logging framework
2020-09-08 19:38:42.079 [ main ] - [ DEBUG ] [ io.lettuce.core.resource.DefaultClientResources : 204 ] - LatencyUtils/HdrUtils are not available, metrics are disabled
2020-09-08 19:38:42.315 [ main ] - [ DEBUG ] [ io.netty.buffer.PooledByteBufAllocator : 156 ] - -Dio.netty.allocator.numHeapArenas: 8
2020-09-08 19:38:42.315 [ main ] - [ DEBUG ] [ io.netty.buffer.PooledByteBufAllocator : 157 ] - -Dio.netty.allocator.numDirectArenas: 8
2020-09-08 19:38:42.316 [ main ] - [ DEBUG ] [ io.netty.buffer.PooledByteBufAllocator : 159 ] - -Dio.netty.allocator.pageSize: 8192
2020-09-08 19:38:42.317 [ main ] - [ DEBUG ] [ io.netty.buffer.PooledByteBufAllocator : 164 ] - -Dio.netty.allocator.maxOrder: 11
2020-09-08 19:38:42.318 [ main ] - [ DEBUG ] [ io.netty.buffer.PooledByteBufAllocator : 168 ] - -Dio.netty.allocator.chunkSize: 16777216
2020-09-08 19:38:42.319 [ main ] - [ DEBUG ] [ io.netty.buffer.PooledByteBufAllocator : 169 ] - -Dio.netty.allocator.tinyCacheSize: 512
2020-09-08 19:38:42.319 [ main ] - [ DEBUG ] [ io.netty.buffer.PooledByteBufAllocator : 170 ] - -Dio.netty.allocator.smallCacheSize: 256
2020-09-08 19:38:42.320 [ main ] - [ DEBUG ] [ io.netty.buffer.PooledByteBufAllocator : 171 ] - -Dio.netty.allocator.normalCacheSize: 64
2020-09-08 19:38:42.320 [ main ] - [ DEBUG ] [ io.netty.buffer.PooledByteBufAllocator : 172 ] - -Dio.netty.allocator.maxCachedBufferCapacity: 32768
2020-09-08 19:38:42.321 [ main ] - [ DEBUG ] [ io.netty.buffer.PooledByteBufAllocator : 173 ] - -Dio.netty.allocator.cacheTrimInterval: 8192
2020-09-08 19:38:42.322 [ main ] - [ DEBUG ] [ io.netty.buffer.PooledByteBufAllocator : 174 ] - -Dio.netty.allocator.cacheTrimIntervalMillis: 0
2020-09-08 19:38:42.323 [ main ] - [ DEBUG ] [ io.netty.buffer.PooledByteBufAllocator : 175 ] - -Dio.netty.allocator.useCacheForAllThreads: true
2020-09-08 19:38:42.325 [ main ] - [ DEBUG ] [ io.netty.buffer.PooledByteBufAllocator : 176 ] - -Dio.netty.allocator.maxCachedByteBuffersPerChunk: 1023
2020-09-08 19:38:43.781 [ main ] - [ DEBUG ] [ org.apache.http.impl.nio.client.MainClientExec : 121 ] - [exchange: 1] start execution
2020-09-08 19:38:43.795 [ main ] - [ DEBUG ] [ org.apache.http.client.protocol.RequestAddCookies : 123 ] - CookieSpec selected: default
2020-09-08 19:38:43.819 [ main ] - [ DEBUG ] [ org.apache.http.client.protocol.RequestAuthCache : 131 ] - Re-using cached 'basic' auth scheme for http://localhost:9200
2020-09-08 19:38:43.821 [ main ] - [ DEBUG ] [ org.apache.http.client.protocol.RequestAuthCache : 140 ] - No credentials for preemptive authentication
2020-09-08 19:38:43.822 [ main ] - [ DEBUG ] [ o.a.http.impl.nio.client.InternalHttpAsyncClient : 366 ] - [exchange: 1] Request connection for {}->http://localhost:9200
2020-09-08 19:38:43.825 [ main ] - [ DEBUG ] [ o.a.h.i.n.conn.PoolingNHttpClientConnectionManager : 279 ] - Connection request: [route: {}->http://localhost:9200][total kept alive: 0; route allocated: 0 of 10; total allocated: 0 of 30]
2020-09-08 19:38:44.843 [ pool-2-thread-1 ] - [ DEBUG ] [ o.a.h.i.n.conn.PoolingNHttpClientConnectionManager : 314 ] - Connection request failed
java.net.ConnectException: Timeout connecting to [localhost/127.0.0.1:9200]
	at org.apache.http.nio.pool.RouteSpecificPool.timeout(RouteSpecificPool.java:169)
	at org.apache.http.nio.pool.AbstractNIOConnPool.requestTimeout(AbstractNIOConnPool.java:632)
	at org.apache.http.nio.pool.AbstractNIOConnPool$InternalSessionRequestCallback.timeout(AbstractNIOConnPool.java:898)
	at org.apache.http.impl.nio.reactor.SessionRequestImpl.timeout(SessionRequestImpl.java:198)
	at org.apache.http.impl.nio.reactor.DefaultConnectingIOReactor.processTimeouts(DefaultConnectingIOReactor.java:213)
	at org.apache.http.impl.nio.reactor.DefaultConnectingIOReactor.processEvents(DefaultConnectingIOReactor.java:158)
	at org.apache.http.impl.nio.reactor.AbstractMultiworkerIOReactor.execute(AbstractMultiworkerIOReactor.java:351)
	at org.apache.http.impl.nio.conn.PoolingNHttpClientConnectionManager.execute(PoolingNHttpClientConnectionManager.java:221)
	at org.apache.http.impl.nio.client.CloseableHttpAsyncClientBase$1.run(CloseableHttpAsyncClientBase.java:64)
	at java.lang.Thread.run(Thread.java:748)
2020-09-08 19:38:44.844 [ pool-2-thread-1 ] - [ DEBUG ] [ o.a.http.impl.nio.client.InternalHttpAsyncClient : 345 ] - [exchange: 1] connection request failed
2020-09-08 19:38:44.847 [ main ] - [ DEBUG ] [ org.elasticsearch.client.RestClient : 92 ] - request [GET http://localhost:9200/] failed
java.util.concurrent.ExecutionException: java.net.ConnectException: Timeout connecting to [localhost/127.0.0.1:9200]
	at org.apache.http.concurrent.BasicFuture.getResult(BasicFuture.java:71)
	at org.apache.http.concurrent.BasicFuture.get(BasicFuture.java:84)
	at org.apache.http.impl.nio.client.FutureWrapper.get(FutureWrapper.java:70)
	at org.elasticsearch.client.RestClient.performRequest(RestClient.java:244)
	at org.elasticsearch.client.RestClient.performRequest(RestClient.java:235)
	at org.elasticsearch.client.RestHighLevelClient.internalPerformRequest(RestHighLevelClient.java:1514)
	at org.elasticsearch.client.RestHighLevelClient.performRequest(RestHighLevelClient.java:1499)
	at org.elasticsearch.client.RestHighLevelClient.performRequestAndParseEntity(RestHighLevelClient.java:1466)
	at org.elasticsearch.client.RestHighLevelClient.info(RestHighLevelClient.java:730)
	at org.springframework.data.elasticsearch.core.ElasticsearchRestTemplate.lambda$getClusterVersion$16(ElasticsearchRestTemplate.java:389)
	at org.springframework.data.elasticsearch.core.ElasticsearchRestTemplate.execute(ElasticsearchRestTemplate.java:359)
	at org.springframework.data.elasticsearch.core.ElasticsearchRestTemplate.getClusterVersion(ElasticsearchRestTemplate.java:389)
	at org.springframework.data.elasticsearch.core.AbstractElasticsearchTemplate.initialize(AbstractElasticsearchTemplate.java:88)
	at org.springframework.data.elasticsearch.core.ElasticsearchRestTemplate.<init>(ElasticsearchRestTemplate.java:116)
	at org.springframework.boot.autoconfigure.data.elasticsearch.ElasticsearchDataConfiguration$RestClientConfiguration.elasticsearchTemplate(ElasticsearchDataConfiguration.java:74)
	at sun.reflect.NativeMethodAccessorImpl.invoke0(Native Method)
	at sun.reflect.NativeMethodAccessorImpl.invoke(NativeMethodAccessorImpl.java:62)
	at sun.reflect.DelegatingMethodAccessorImpl.invoke(DelegatingMethodAccessorImpl.java:43)
	at java.lang.reflect.Method.invoke(Method.java:498)
	at org.springframework.beans.factory.support.SimpleInstantiationStrategy.instantiate(SimpleInstantiationStrategy.java:154)
	at org.springframework.beans.factory.support.ConstructorResolver.instantiate(ConstructorResolver.java:650)
	at org.springframework.beans.factory.support.ConstructorResolver.instantiateUsingFactoryMethod(ConstructorResolver.java:635)
	at org.springframework.beans.factory.support.AbstractAutowireCapableBeanFactory.instantiateUsingFactoryMethod(AbstractAutowireCapableBeanFactory.java:1336)
	at org.springframework.beans.factory.support.AbstractAutowireCapableBeanFactory.createBeanInstance(AbstractAutowireCapableBeanFactory.java:1176)
	at org.springframework.beans.factory.support.AbstractAutowireCapableBeanFactory.doCreateBean(AbstractAutowireCapableBeanFactory.java:556)
	at org.springframework.beans.factory.support.AbstractAutowireCapableBeanFactory.createBean(AbstractAutowireCapableBeanFactory.java:516)
	at org.springframework.beans.factory.support.AbstractBeanFactory.lambda$doGetBean$0(AbstractBeanFactory.java:324)
	at org.springframework.beans.factory.support.DefaultSingletonBeanRegistry.getSingleton(DefaultSingletonBeanRegistry.java:226)
	at org.springframework.beans.factory.support.AbstractBeanFactory.doGetBean(AbstractBeanFactory.java:322)
	at org.springframework.beans.factory.support.AbstractBeanFactory.getBean(AbstractBeanFactory.java:202)
	at org.springframework.beans.factory.support.DefaultListableBeanFactory.preInstantiateSingletons(DefaultListableBeanFactory.java:897)
	at org.springframework.context.support.AbstractApplicationContext.finishBeanFactoryInitialization(AbstractApplicationContext.java:879)
	at org.springframework.context.support.AbstractApplicationContext.refresh(AbstractApplicationContext.java:551)
	at org.springframework.boot.SpringApplication.refresh(SpringApplication.java:758)
	at org.springframework.boot.SpringApplication.refresh(SpringApplication.java:750)
	at org.springframework.boot.SpringApplication.refreshContext(SpringApplication.java:397)
	at org.springframework.boot.SpringApplication.run(SpringApplication.java:315)
	at org.springframework.boot.test.context.SpringBootContextLoader.loadContext(SpringBootContextLoader.java:120)
	at org.springframework.test.context.cache.DefaultCacheAwareContextLoaderDelegate.loadContextInternal(DefaultCacheAwareContextLoaderDelegate.java:99)
	at org.springframework.test.context.cache.DefaultCacheAwareContextLoaderDelegate.loadContext(DefaultCacheAwareContextLoaderDelegate.java:124)
	at org.springframework.test.context.support.DefaultTestContext.getApplicationContext(DefaultTestContext.java:123)
	at org.springframework.test.context.web.ServletTestExecutionListener.setUpRequestContextIfNecessary(ServletTestExecutionListener.java:190)
	at org.springframework.test.context.web.ServletTestExecutionListener.prepareTestInstance(ServletTestExecutionListener.java:132)
	at org.springframework.test.context.TestContextManager.prepareTestInstance(TestContextManager.java:244)
	at org.springframework.test.context.junit.jupiter.SpringExtension.postProcessTestInstance(SpringExtension.java:98)
	at org.junit.jupiter.engine.descriptor.ClassBasedTestDescriptor.lambda$invokeTestInstancePostProcessors$5(ClassBasedTestDescriptor.java:341)
	at org.junit.jupiter.engine.descriptor.ClassBasedTestDescriptor.executeAndMaskThrowable(ClassBasedTestDescriptor.java:346)
	at org.junit.jupiter.engine.descriptor.ClassBasedTestDescriptor.lambda$invokeTestInstancePostProcessors$6(ClassBasedTestDescriptor.java:341)
	at java.util.stream.ReferencePipeline$3$1.accept(ReferencePipeline.java:193)
	at java.util.stream.ReferencePipeline$2$1.accept(ReferencePipeline.java:175)
	at java.util.ArrayList$ArrayListSpliterator.forEachRemaining(ArrayList.java:1384)
	at java.util.stream.AbstractPipeline.copyInto(AbstractPipeline.java:482)
	at java.util.stream.AbstractPipeline.wrapAndCopyInto(AbstractPipeline.java:472)
	at java.util.stream.StreamSpliterators$WrappingSpliterator.forEachRemaining(StreamSpliterators.java:312)
	at java.util.stream.Streams$ConcatSpliterator.forEachRemaining(Streams.java:743)
	at java.util.stream.Streams$ConcatSpliterator.forEachRemaining(Streams.java:742)
	at java.util.stream.ReferencePipeline$Head.forEach(ReferencePipeline.java:580)
	at org.junit.jupiter.engine.descriptor.ClassBasedTestDescriptor.invokeTestInstancePostProcessors(ClassBasedTestDescriptor.java:340)
	at org.junit.jupiter.engine.descriptor.ClassBasedTestDescriptor.instantiateAndPostProcessTestInstance(ClassBasedTestDescriptor.java:263)
	at org.junit.jupiter.engine.descriptor.ClassBasedTestDescriptor.lambda$testInstancesProvider$2(ClassBasedTestDescriptor.java:256)
	at java.util.Optional.orElseGet(Optional.java:267)
	at org.junit.jupiter.engine.descriptor.ClassBasedTestDescriptor.lambda$testInstancesProvider$3(ClassBasedTestDescriptor.java:255)
	at org.junit.jupiter.engine.execution.TestInstancesProvider.getTestInstances(TestInstancesProvider.java:29)
	at org.junit.jupiter.engine.descriptor.TestMethodTestDescriptor.lambda$prepare$0(TestMethodTestDescriptor.java:108)
	at org.junit.platform.engine.support.hierarchical.ThrowableCollector.execute(ThrowableCollector.java:73)
	at org.junit.jupiter.engine.descriptor.TestMethodTestDescriptor.prepare(TestMethodTestDescriptor.java:107)
	at org.junit.jupiter.engine.descriptor.TestMethodTestDescriptor.prepare(TestMethodTestDescriptor.java:71)
	at org.junit.platform.engine.support.hierarchical.NodeTestTask.lambda$prepare$1(NodeTestTask.java:107)
	at org.junit.platform.engine.support.hierarchical.ThrowableCollector.execute(ThrowableCollector.java:73)
	at org.junit.platform.engine.support.hierarchical.NodeTestTask.prepare(NodeTestTask.java:107)
	at org.junit.platform.engine.support.hierarchical.NodeTestTask.execute(NodeTestTask.java:75)
	at java.util.ArrayList.forEach(ArrayList.java:1259)
	at org.junit.platform.engine.support.hierarchical.SameThreadHierarchicalTestExecutorService.invokeAll(SameThreadHierarchicalTestExecutorService.java:38)
	at org.junit.platform.engine.support.hierarchical.NodeTestTask.lambda$executeRecursively$5(NodeTestTask.java:139)
	at org.junit.platform.engine.support.hierarchical.ThrowableCollector.execute(ThrowableCollector.java:73)
	at org.junit.platform.engine.support.hierarchical.NodeTestTask.lambda$executeRecursively$7(NodeTestTask.java:125)
	at org.junit.platform.engine.support.hierarchical.Node.around(Node.java:135)
	at org.junit.platform.engine.support.hierarchical.NodeTestTask.lambda$executeRecursively$8(NodeTestTask.java:123)
	at org.junit.platform.engine.support.hierarchical.ThrowableCollector.execute(ThrowableCollector.java:73)
	at org.junit.platform.engine.support.hierarchical.NodeTestTask.executeRecursively(NodeTestTask.java:122)
	at org.junit.platform.engine.support.hierarchical.NodeTestTask.execute(NodeTestTask.java:80)
	at java.util.ArrayList.forEach(ArrayList.java:1259)
	at org.junit.platform.engine.support.hierarchical.SameThreadHierarchicalTestExecutorService.invokeAll(SameThreadHierarchicalTestExecutorService.java:38)
	at org.junit.platform.engine.support.hierarchical.NodeTestTask.lambda$executeRecursively$5(NodeTestTask.java:139)
	at org.junit.platform.engine.support.hierarchical.ThrowableCollector.execute(ThrowableCollector.java:73)
	at org.junit.platform.engine.support.hierarchical.NodeTestTask.lambda$executeRecursively$7(NodeTestTask.java:125)
	at org.junit.platform.engine.support.hierarchical.Node.around(Node.java:135)
	at org.junit.platform.engine.support.hierarchical.NodeTestTask.lambda$executeRecursively$8(NodeTestTask.java:123)
	at org.junit.platform.engine.support.hierarchical.ThrowableCollector.execute(ThrowableCollector.java:73)
	at org.junit.platform.engine.support.hierarchical.NodeTestTask.executeRecursively(NodeTestTask.java:122)
	at org.junit.platform.engine.support.hierarchical.NodeTestTask.execute(NodeTestTask.java:80)
	at org.junit.platform.engine.support.hierarchical.SameThreadHierarchicalTestExecutorService.submit(SameThreadHierarchicalTestExecutorService.java:32)
	at org.junit.platform.engine.support.hierarchical.HierarchicalTestExecutor.execute(HierarchicalTestExecutor.java:57)
	at org.junit.platform.engine.support.hierarchical.HierarchicalTestEngine.execute(HierarchicalTestEngine.java:51)
	at org.junit.platform.launcher.core.DefaultLauncher.execute(DefaultLauncher.java:248)
	at org.junit.platform.launcher.core.DefaultLauncher.lambda$execute$5(DefaultLauncher.java:211)
	at org.junit.platform.launcher.core.DefaultLauncher.withInterceptedStreams(DefaultLauncher.java:226)
	at org.junit.platform.launcher.core.DefaultLauncher.execute(DefaultLauncher.java:199)
	at org.junit.platform.launcher.core.DefaultLauncher.execute(DefaultLauncher.java:132)
	at com.intellij.junit5.JUnit5IdeaTestRunner.startRunnerWithArgs(JUnit5IdeaTestRunner.java:71)
	at com.intellij.rt.junit.IdeaTestRunner$Repeater.startRunnerWithArgs(IdeaTestRunner.java:33)
	at com.intellij.rt.junit.JUnitStarter.prepareStreamsAndStart(JUnitStarter.java:220)
	at com.intellij.rt.junit.JUnitStarter.main(JUnitStarter.java:53)
Caused by: java.net.ConnectException: Timeout connecting to [localhost/127.0.0.1:9200]
	at org.apache.http.nio.pool.RouteSpecificPool.timeout(RouteSpecificPool.java:169)
	at org.apache.http.nio.pool.AbstractNIOConnPool.requestTimeout(AbstractNIOConnPool.java:632)
	at org.apache.http.nio.pool.AbstractNIOConnPool$InternalSessionRequestCallback.timeout(AbstractNIOConnPool.java:898)
	at org.apache.http.impl.nio.reactor.SessionRequestImpl.timeout(SessionRequestImpl.java:198)
	at org.apache.http.impl.nio.reactor.DefaultConnectingIOReactor.processTimeouts(DefaultConnectingIOReactor.java:213)
	at org.apache.http.impl.nio.reactor.DefaultConnectingIOReactor.processEvents(DefaultConnectingIOReactor.java:158)
	at org.apache.http.impl.nio.reactor.AbstractMultiworkerIOReactor.execute(AbstractMultiworkerIOReactor.java:351)
	at org.apache.http.impl.nio.conn.PoolingNHttpClientConnectionManager.execute(PoolingNHttpClientConnectionManager.java:221)
	at org.apache.http.impl.nio.client.CloseableHttpAsyncClientBase$1.run(CloseableHttpAsyncClientBase.java:64)
	at java.lang.Thread.run(Thread.java:748)
2020-09-08 19:38:44.856 [ main ] - [ DEBUG ] [ org.elasticsearch.client.RestClient : 471 ] - added [[host=http://localhost:9200]] to blacklist
2020-09-08 19:38:46.926 [ main ] - [ INFO  ] [ com.vardea.blog.BlogApplicationTests : 61 ] - Started BlogApplicationTests in 17.674 seconds (JVM running for 21.149)
2020-09-08 19:38:46.986 [ main ] - [ DEBUG ] [ reactor.core.publisher.Hooks : 254 ] - Hooking onLastOperator: org.springframework.security.core.context.SecurityContext
2020-09-08 19:38:47.427 [ main ] - [ DEBUG ] [ druid.sql.Connection : 129 ] - {conn-10005} pool-connect
2020-09-08 19:38:47.442 [ main ] - [ DEBUG ] [ reactor.core.publisher.Hooks : 254 ] - Reset onLastOperator: org.springframework.security.core.context.SecurityContext
2020-09-08 19:38:47.486 [ SpringContextShutdownHook ] - [ DEBUG ] [ o.a.h.i.n.conn.PoolingNHttpClientConnectionManager : 232 ] - Connection manager is shutting down
2020-09-08 19:38:47.490 [ SpringContextShutdownHook ] - [ DEBUG ] [ o.a.h.i.n.conn.PoolingNHttpClientConnectionManager : 234 ] - Connection manager shut down
2020-09-08 19:38:47.495 [ SpringContextShutdownHook ] - [ DEBUG ] [ io.lettuce.core.RedisClient : 474 ] - Initiate shutdown (100, 100, MILLISECONDS)
2020-09-08 19:38:47.512 [ SpringContextShutdownHook ] - [ DEBUG ] [ io.lettuce.core.resource.DefaultClientResources : 631 ] - Initiate shutdown (0, 2, SECONDS)
2020-09-08 19:38:47.519 [ SpringContextShutdownHook ] - [ DEBUG ] [ i.l.core.resource.DefaultEventLoopGroupProvider : 263 ] - Initiate shutdown (0, 2, SECONDS)
2020-09-08 19:38:47.537 [ SpringContextShutdownHook ] - [ DEBUG ] [ druid.sql.Connection : 129 ] - {conn-10001} closed
2020-09-08 19:38:47.538 [ SpringContextShutdownHook ] - [ DEBUG ] [ druid.sql.Connection : 129 ] - {conn-10002} closed
2020-09-08 19:38:47.541 [ SpringContextShutdownHook ] - [ DEBUG ] [ druid.sql.Connection : 129 ] - {conn-10003} closed
2020-09-08 19:38:47.543 [ SpringContextShutdownHook ] - [ DEBUG ] [ druid.sql.Connection : 129 ] - {conn-10004} closed
2020-09-08 19:38:47.545 [ SpringContextShutdownHook ] - [ INFO  ] [ com.alibaba.druid.pool.DruidDataSource : 1825 ] - {dataSource-1} closed
2020-09-08 19:40:10.324 [ main ] - [ INFO  ] [ com.vardea.blog.BlogApplicationTests : 55 ] - Starting BlogApplicationTests on Vostro-14-3449 with PID 6896 (started by leing in E:\DevelopFiles\JAVA\Idea\VarDea-Blog)
2020-09-08 19:40:10.331 [ main ] - [ DEBUG ] [ com.vardea.blog.BlogApplicationTests : 56 ] - Running with Spring Boot v2.3.2.RELEASE, Spring v5.2.8.RELEASE
2020-09-08 19:40:10.331 [ main ] - [ INFO  ] [ com.vardea.blog.BlogApplicationTests : 655 ] - The following profiles are active: dev
2020-09-08 19:40:12.182 [ main ] - [ DEBUG ] [ org.apache.ibatis.logging.LogFactory : 105 ] - Logging initialized using 'class org.apache.ibatis.logging.slf4j.Slf4jImpl' adapter.
2020-09-08 19:40:15.316 [ main ] - [ DEBUG ] [ o.h.v.m.ResourceBundleMessageInterpolator : 172 ] - Loaded expression factory via original TCCL
2020-09-08 19:40:15.342 [ main ] - [ DEBUG ] [ o.h.v.internal.engine.AbstractConfigurationImpl : 171 ] - Setting custom MessageInterpolator of type org.springframework.validation.beanvalidation.LocaleContextMessageInterpolator
2020-09-08 19:40:15.343 [ main ] - [ DEBUG ] [ o.h.v.internal.engine.AbstractConfigurationImpl : 203 ] - Setting custom ConstraintValidatorFactory of type org.springframework.validation.beanvalidation.SpringConstraintValidatorFactory
2020-09-08 19:40:15.345 [ main ] - [ DEBUG ] [ o.h.v.internal.engine.AbstractConfigurationImpl : 217 ] - Setting custom ParameterNameProvider of type org.springframework.validation.beanvalidation.LocalValidatorFactoryBean$1
2020-09-08 19:40:15.347 [ main ] - [ DEBUG ] [ o.h.v.internal.xml.config.ValidationXmlParser : 120 ] - Trying to load META-INF/validation.xml for XML based Validator configuration.
2020-09-08 19:40:15.348 [ main ] - [ DEBUG ] [ o.h.v.internal.xml.config.ResourceLoaderHelper : 53 ] - Trying to load META-INF/validation.xml via user class loader
2020-09-08 19:40:15.352 [ main ] - [ DEBUG ] [ o.h.v.internal.xml.config.ResourceLoaderHelper : 60 ] - Trying to load META-INF/validation.xml via TCCL
2020-09-08 19:40:15.353 [ main ] - [ DEBUG ] [ o.h.v.internal.xml.config.ResourceLoaderHelper : 66 ] - Trying to load META-INF/validation.xml via Hibernate Validator's class loader
2020-09-08 19:40:15.356 [ main ] - [ DEBUG ] [ o.h.v.internal.xml.config.ValidationXmlParser : 127 ] - No META-INF/validation.xml found. Using annotation based configuration only.
2020-09-08 19:40:15.359 [ main ] - [ DEBUG ] [ o.h.v.i.engine.resolver.TraversableResolvers : 60 ] - Cannot find javax.persistence.Persistence on classpath. Assuming non JPA 2 environment. All properties will per default be traversable.
2020-09-08 19:40:15.364 [ main ] - [ DEBUG ] [ o.h.v.i.engine.ValidatorFactoryConfigurationHelper : 300 ] - HV000252: Using org.hibernate.validator.internal.engine.DefaultPropertyNodeNameProvider as property node name provider.
2020-09-08 19:40:15.366 [ main ] - [ DEBUG ] [ o.h.v.i.engine.ValidatorFactoryConfigurationHelper : 375 ] - HV000234: Using org.springframework.validation.beanvalidation.LocaleContextMessageInterpolator as ValidatorFactory-scoped message interpolator.
2020-09-08 19:40:15.367 [ main ] - [ DEBUG ] [ o.h.v.i.engine.ValidatorFactoryConfigurationHelper : 376 ] - HV000234: Using org.hibernate.validator.internal.engine.resolver.TraverseAllTraversableResolver as ValidatorFactory-scoped traversable resolver.
2020-09-08 19:40:15.368 [ main ] - [ DEBUG ] [ o.h.v.i.engine.ValidatorFactoryConfigurationHelper : 377 ] - HV000234: Using org.hibernate.validator.internal.util.ExecutableParameterNameProvider as ValidatorFactory-scoped parameter name provider.
2020-09-08 19:40:15.369 [ main ] - [ DEBUG ] [ o.h.v.i.engine.ValidatorFactoryConfigurationHelper : 378 ] - HV000234: Using org.hibernate.validator.internal.engine.DefaultClockProvider as ValidatorFactory-scoped clock provider.
2020-09-08 19:40:15.371 [ main ] - [ DEBUG ] [ o.h.v.i.engine.ValidatorFactoryConfigurationHelper : 379 ] - HV000234: Using org.hibernate.validator.internal.engine.scripting.DefaultScriptEvaluatorFactory as ValidatorFactory-scoped script evaluator factory.
2020-09-08 19:40:17.258 [ main ] - [ INFO  ] [ c.a.d.s.b.a.DruidDataSourceAutoConfigure : 56 ] - Init DruidDataSource
2020-09-08 19:40:19.370 [ main ] - [ DEBUG ] [ druid.sql.Connection : 129 ] - {conn-10001} connected
2020-09-08 19:40:19.417 [ main ] - [ DEBUG ] [ druid.sql.Connection : 129 ] - {conn-10002} connected
2020-09-08 19:40:19.452 [ main ] - [ DEBUG ] [ druid.sql.Connection : 129 ] - {conn-10003} connected
2020-09-08 19:40:19.484 [ main ] - [ DEBUG ] [ druid.sql.Connection : 129 ] - {conn-10004} connected
2020-09-08 19:40:19.516 [ main ] - [ DEBUG ] [ druid.sql.Connection : 129 ] - {conn-10005} connected
2020-09-08 19:40:19.528 [ main ] - [ INFO  ] [ com.alibaba.druid.pool.DruidDataSource : 930 ] - {dataSource-1} inited
2020-09-08 19:40:20.458 [ main ] - [ INFO  ] [ com.vardea.blog.BlogApplicationTests : 61 ] - Started BlogApplicationTests in 11.826 seconds (JVM running for 14.916)
2020-09-08 19:40:20.898 [ main ] - [ DEBUG ] [ druid.sql.Connection : 129 ] - {conn-10005} pool-connect
2020-09-08 19:40:20.958 [ SpringContextShutdownHook ] - [ DEBUG ] [ druid.sql.Connection : 129 ] - {conn-10001} closed
2020-09-08 19:40:20.960 [ SpringContextShutdownHook ] - [ DEBUG ] [ druid.sql.Connection : 129 ] - {conn-10002} closed
2020-09-08 19:40:20.962 [ SpringContextShutdownHook ] - [ DEBUG ] [ druid.sql.Connection : 129 ] - {conn-10003} closed
2020-09-08 19:40:20.965 [ SpringContextShutdownHook ] - [ DEBUG ] [ druid.sql.Connection : 129 ] - {conn-10004} closed
2020-09-08 19:40:20.968 [ SpringContextShutdownHook ] - [ INFO  ] [ com.alibaba.druid.pool.DruidDataSource : 1825 ] - {dataSource-1} closed
2020-09-08 19:43:31.829 [ main ] - [ INFO  ] [ com.vardea.blog.BlogApplicationTests : 55 ] - Starting BlogApplicationTests on Vostro-14-3449 with PID 12240 (started by leing in E:\DevelopFiles\JAVA\Idea\VarDea-Blog)
2020-09-08 19:43:31.848 [ main ] - [ DEBUG ] [ com.vardea.blog.BlogApplicationTests : 56 ] - Running with Spring Boot v2.3.2.RELEASE, Spring v5.2.8.RELEASE
2020-09-08 19:43:31.849 [ main ] - [ INFO  ] [ com.vardea.blog.BlogApplicationTests : 655 ] - The following profiles are active: dev
2020-09-08 19:43:33.553 [ main ] - [ DEBUG ] [ org.apache.ibatis.logging.LogFactory : 105 ] - Logging initialized using 'class org.apache.ibatis.logging.slf4j.Slf4jImpl' adapter.
2020-09-08 19:43:36.510 [ main ] - [ DEBUG ] [ o.h.v.m.ResourceBundleMessageInterpolator : 172 ] - Loaded expression factory via original TCCL
2020-09-08 19:43:36.528 [ main ] - [ DEBUG ] [ o.h.v.internal.engine.AbstractConfigurationImpl : 171 ] - Setting custom MessageInterpolator of type org.springframework.validation.beanvalidation.LocaleContextMessageInterpolator
2020-09-08 19:43:36.529 [ main ] - [ DEBUG ] [ o.h.v.internal.engine.AbstractConfigurationImpl : 203 ] - Setting custom ConstraintValidatorFactory of type org.springframework.validation.beanvalidation.SpringConstraintValidatorFactory
2020-09-08 19:43:36.531 [ main ] - [ DEBUG ] [ o.h.v.internal.engine.AbstractConfigurationImpl : 217 ] - Setting custom ParameterNameProvider of type org.springframework.validation.beanvalidation.LocalValidatorFactoryBean$1
2020-09-08 19:43:36.533 [ main ] - [ DEBUG ] [ o.h.v.internal.xml.config.ValidationXmlParser : 120 ] - Trying to load META-INF/validation.xml for XML based Validator configuration.
2020-09-08 19:43:36.534 [ main ] - [ DEBUG ] [ o.h.v.internal.xml.config.ResourceLoaderHelper : 53 ] - Trying to load META-INF/validation.xml via user class loader
2020-09-08 19:43:36.535 [ main ] - [ DEBUG ] [ o.h.v.internal.xml.config.ResourceLoaderHelper : 60 ] - Trying to load META-INF/validation.xml via TCCL
2020-09-08 19:43:36.536 [ main ] - [ DEBUG ] [ o.h.v.internal.xml.config.ResourceLoaderHelper : 66 ] - Trying to load META-INF/validation.xml via Hibernate Validator's class loader
2020-09-08 19:43:36.540 [ main ] - [ DEBUG ] [ o.h.v.internal.xml.config.ValidationXmlParser : 127 ] - No META-INF/validation.xml found. Using annotation based configuration only.
2020-09-08 19:43:36.543 [ main ] - [ DEBUG ] [ o.h.v.i.engine.resolver.TraversableResolvers : 60 ] - Cannot find javax.persistence.Persistence on classpath. Assuming non JPA 2 environment. All properties will per default be traversable.
2020-09-08 19:43:36.548 [ main ] - [ DEBUG ] [ o.h.v.i.engine.ValidatorFactoryConfigurationHelper : 300 ] - HV000252: Using org.hibernate.validator.internal.engine.DefaultPropertyNodeNameProvider as property node name provider.
2020-09-08 19:43:36.549 [ main ] - [ DEBUG ] [ o.h.v.i.engine.ValidatorFactoryConfigurationHelper : 375 ] - HV000234: Using org.springframework.validation.beanvalidation.LocaleContextMessageInterpolator as ValidatorFactory-scoped message interpolator.
2020-09-08 19:43:36.550 [ main ] - [ DEBUG ] [ o.h.v.i.engine.ValidatorFactoryConfigurationHelper : 376 ] - HV000234: Using org.hibernate.validator.internal.engine.resolver.TraverseAllTraversableResolver as ValidatorFactory-scoped traversable resolver.
2020-09-08 19:43:36.551 [ main ] - [ DEBUG ] [ o.h.v.i.engine.ValidatorFactoryConfigurationHelper : 377 ] - HV000234: Using org.hibernate.validator.internal.util.ExecutableParameterNameProvider as ValidatorFactory-scoped parameter name provider.
2020-09-08 19:43:36.552 [ main ] - [ DEBUG ] [ o.h.v.i.engine.ValidatorFactoryConfigurationHelper : 378 ] - HV000234: Using org.hibernate.validator.internal.engine.DefaultClockProvider as ValidatorFactory-scoped clock provider.
2020-09-08 19:43:36.555 [ main ] - [ DEBUG ] [ o.h.v.i.engine.ValidatorFactoryConfigurationHelper : 379 ] - HV000234: Using org.hibernate.validator.internal.engine.scripting.DefaultScriptEvaluatorFactory as ValidatorFactory-scoped script evaluator factory.
2020-09-08 19:43:37.786 [ main ] - [ DEBUG ] [ com.zaxxer.hikari.HikariConfig : 946 ] - Driver class com.mysql.cj.jdbc.Driver found in Thread context class loader sun.misc.Launcher$AppClassLoader@18b4aac2
2020-09-08 19:43:38.607 [ main ] - [ INFO  ] [ com.vardea.blog.BlogApplicationTests : 61 ] - Started BlogApplicationTests in 8.411 seconds (JVM running for 11.154)
2020-09-08 19:47:43.288 [ main ] - [ INFO  ] [ com.vardea.blog.BlogApplicationTests : 55 ] - Starting BlogApplicationTests on Vostro-14-3449 with PID 3420 (started by leing in E:\DevelopFiles\JAVA\Idea\VarDea-Blog)
2020-09-08 19:47:43.298 [ main ] - [ DEBUG ] [ com.vardea.blog.BlogApplicationTests : 56 ] - Running with Spring Boot v2.3.2.RELEASE, Spring v5.2.8.RELEASE
2020-09-08 19:47:43.299 [ main ] - [ INFO  ] [ com.vardea.blog.BlogApplicationTests : 655 ] - The following profiles are active: dev
2020-09-08 19:47:45.437 [ main ] - [ DEBUG ] [ org.apache.ibatis.logging.LogFactory : 105 ] - Logging initialized using 'class org.apache.ibatis.logging.slf4j.Slf4jImpl' adapter.
2020-09-08 19:47:49.411 [ main ] - [ DEBUG ] [ o.h.v.m.ResourceBundleMessageInterpolator : 172 ] - Loaded expression factory via original TCCL
2020-09-08 19:47:49.436 [ main ] - [ DEBUG ] [ o.h.v.internal.engine.AbstractConfigurationImpl : 171 ] - Setting custom MessageInterpolator of type org.springframework.validation.beanvalidation.LocaleContextMessageInterpolator
2020-09-08 19:47:49.438 [ main ] - [ DEBUG ] [ o.h.v.internal.engine.AbstractConfigurationImpl : 203 ] - Setting custom ConstraintValidatorFactory of type org.springframework.validation.beanvalidation.SpringConstraintValidatorFactory
2020-09-08 19:47:49.440 [ main ] - [ DEBUG ] [ o.h.v.internal.engine.AbstractConfigurationImpl : 217 ] - Setting custom ParameterNameProvider of type org.springframework.validation.beanvalidation.LocalValidatorFactoryBean$1
2020-09-08 19:47:49.443 [ main ] - [ DEBUG ] [ o.h.v.internal.xml.config.ValidationXmlParser : 120 ] - Trying to load META-INF/validation.xml for XML based Validator configuration.
2020-09-08 19:47:49.444 [ main ] - [ DEBUG ] [ o.h.v.internal.xml.config.ResourceLoaderHelper : 53 ] - Trying to load META-INF/validation.xml via user class loader
2020-09-08 19:47:49.447 [ main ] - [ DEBUG ] [ o.h.v.internal.xml.config.ResourceLoaderHelper : 60 ] - Trying to load META-INF/validation.xml via TCCL
2020-09-08 19:47:49.449 [ main ] - [ DEBUG ] [ o.h.v.internal.xml.config.ResourceLoaderHelper : 66 ] - Trying to load META-INF/validation.xml via Hibernate Validator's class loader
2020-09-08 19:47:49.451 [ main ] - [ DEBUG ] [ o.h.v.internal.xml.config.ValidationXmlParser : 127 ] - No META-INF/validation.xml found. Using annotation based configuration only.
2020-09-08 19:47:49.453 [ main ] - [ DEBUG ] [ o.h.v.i.engine.resolver.TraversableResolvers : 60 ] - Cannot find javax.persistence.Persistence on classpath. Assuming non JPA 2 environment. All properties will per default be traversable.
2020-09-08 19:47:49.457 [ main ] - [ DEBUG ] [ o.h.v.i.engine.ValidatorFactoryConfigurationHelper : 300 ] - HV000252: Using org.hibernate.validator.internal.engine.DefaultPropertyNodeNameProvider as property node name provider.
2020-09-08 19:47:49.459 [ main ] - [ DEBUG ] [ o.h.v.i.engine.ValidatorFactoryConfigurationHelper : 375 ] - HV000234: Using org.springframework.validation.beanvalidation.LocaleContextMessageInterpolator as ValidatorFactory-scoped message interpolator.
2020-09-08 19:47:49.460 [ main ] - [ DEBUG ] [ o.h.v.i.engine.ValidatorFactoryConfigurationHelper : 376 ] - HV000234: Using org.hibernate.validator.internal.engine.resolver.TraverseAllTraversableResolver as ValidatorFactory-scoped traversable resolver.
2020-09-08 19:47:49.461 [ main ] - [ DEBUG ] [ o.h.v.i.engine.ValidatorFactoryConfigurationHelper : 377 ] - HV000234: Using org.hibernate.validator.internal.util.ExecutableParameterNameProvider as ValidatorFactory-scoped parameter name provider.
2020-09-08 19:47:49.463 [ main ] - [ DEBUG ] [ o.h.v.i.engine.ValidatorFactoryConfigurationHelper : 378 ] - HV000234: Using org.hibernate.validator.internal.engine.DefaultClockProvider as ValidatorFactory-scoped clock provider.
2020-09-08 19:47:49.464 [ main ] - [ DEBUG ] [ o.h.v.i.engine.ValidatorFactoryConfigurationHelper : 379 ] - HV000234: Using org.hibernate.validator.internal.engine.scripting.DefaultScriptEvaluatorFactory as ValidatorFactory-scoped script evaluator factory.
2020-09-08 19:47:50.913 [ main ] - [ DEBUG ] [ com.zaxxer.hikari.HikariConfig : 946 ] - Driver class com.mysql.cj.jdbc.Driver found in Thread context class loader sun.misc.Launcher$AppClassLoader@18b4aac2
2020-09-08 19:47:51.844 [ main ] - [ INFO  ] [ com.vardea.blog.BlogApplicationTests : 61 ] - Started BlogApplicationTests in 10.275 seconds (JVM running for 14.791)
2020-09-08 19:48:43.192 [ main ] - [ INFO  ] [ com.vardea.blog.BlogApplicationTests : 55 ] - Starting BlogApplicationTests on Vostro-14-3449 with PID 9408 (started by leing in E:\DevelopFiles\JAVA\Idea\VarDea-Blog)
2020-09-08 19:48:43.195 [ main ] - [ DEBUG ] [ com.vardea.blog.BlogApplicationTests : 56 ] - Running with Spring Boot v2.3.2.RELEASE, Spring v5.2.8.RELEASE
2020-09-08 19:48:43.206 [ main ] - [ INFO  ] [ com.vardea.blog.BlogApplicationTests : 655 ] - The following profiles are active: dev
2020-09-08 19:48:44.984 [ main ] - [ DEBUG ] [ org.apache.ibatis.logging.LogFactory : 105 ] - Logging initialized using 'class org.apache.ibatis.logging.slf4j.Slf4jImpl' adapter.
2020-09-08 19:48:48.034 [ main ] - [ DEBUG ] [ o.h.v.m.ResourceBundleMessageInterpolator : 172 ] - Loaded expression factory via original TCCL
2020-09-08 19:48:48.052 [ main ] - [ DEBUG ] [ o.h.v.internal.engine.AbstractConfigurationImpl : 171 ] - Setting custom MessageInterpolator of type org.springframework.validation.beanvalidation.LocaleContextMessageInterpolator
2020-09-08 19:48:48.054 [ main ] - [ DEBUG ] [ o.h.v.internal.engine.AbstractConfigurationImpl : 203 ] - Setting custom ConstraintValidatorFactory of type org.springframework.validation.beanvalidation.SpringConstraintValidatorFactory
2020-09-08 19:48:48.056 [ main ] - [ DEBUG ] [ o.h.v.internal.engine.AbstractConfigurationImpl : 217 ] - Setting custom ParameterNameProvider of type org.springframework.validation.beanvalidation.LocalValidatorFactoryBean$1
2020-09-08 19:48:48.060 [ main ] - [ DEBUG ] [ o.h.v.internal.xml.config.ValidationXmlParser : 120 ] - Trying to load META-INF/validation.xml for XML based Validator configuration.
2020-09-08 19:48:48.061 [ main ] - [ DEBUG ] [ o.h.v.internal.xml.config.ResourceLoaderHelper : 53 ] - Trying to load META-INF/validation.xml via user class loader
2020-09-08 19:48:48.062 [ main ] - [ DEBUG ] [ o.h.v.internal.xml.config.ResourceLoaderHelper : 60 ] - Trying to load META-INF/validation.xml via TCCL
2020-09-08 19:48:48.064 [ main ] - [ DEBUG ] [ o.h.v.internal.xml.config.ResourceLoaderHelper : 66 ] - Trying to load META-INF/validation.xml via Hibernate Validator's class loader
2020-09-08 19:48:48.065 [ main ] - [ DEBUG ] [ o.h.v.internal.xml.config.ValidationXmlParser : 127 ] - No META-INF/validation.xml found. Using annotation based configuration only.
2020-09-08 19:48:48.069 [ main ] - [ DEBUG ] [ o.h.v.i.engine.resolver.TraversableResolvers : 60 ] - Cannot find javax.persistence.Persistence on classpath. Assuming non JPA 2 environment. All properties will per default be traversable.
2020-09-08 19:48:48.073 [ main ] - [ DEBUG ] [ o.h.v.i.engine.ValidatorFactoryConfigurationHelper : 300 ] - HV000252: Using org.hibernate.validator.internal.engine.DefaultPropertyNodeNameProvider as property node name provider.
2020-09-08 19:48:48.075 [ main ] - [ DEBUG ] [ o.h.v.i.engine.ValidatorFactoryConfigurationHelper : 375 ] - HV000234: Using org.springframework.validation.beanvalidation.LocaleContextMessageInterpolator as ValidatorFactory-scoped message interpolator.
2020-09-08 19:48:48.077 [ main ] - [ DEBUG ] [ o.h.v.i.engine.ValidatorFactoryConfigurationHelper : 376 ] - HV000234: Using org.hibernate.validator.internal.engine.resolver.TraverseAllTraversableResolver as ValidatorFactory-scoped traversable resolver.
2020-09-08 19:48:48.079 [ main ] - [ DEBUG ] [ o.h.v.i.engine.ValidatorFactoryConfigurationHelper : 377 ] - HV000234: Using org.hibernate.validator.internal.util.ExecutableParameterNameProvider as ValidatorFactory-scoped parameter name provider.
2020-09-08 19:48:48.080 [ main ] - [ DEBUG ] [ o.h.v.i.engine.ValidatorFactoryConfigurationHelper : 378 ] - HV000234: Using org.hibernate.validator.internal.engine.DefaultClockProvider as ValidatorFactory-scoped clock provider.
2020-09-08 19:48:48.081 [ main ] - [ DEBUG ] [ o.h.v.i.engine.ValidatorFactoryConfigurationHelper : 379 ] - HV000234: Using org.hibernate.validator.internal.engine.scripting.DefaultScriptEvaluatorFactory as ValidatorFactory-scoped script evaluator factory.
2020-09-08 19:48:49.578 [ main ] - [ DEBUG ] [ com.zaxxer.hikari.HikariConfig : 946 ] - Driver class com.mysql.cj.jdbc.Driver found in Thread context class loader sun.misc.Launcher$AppClassLoader@18b4aac2
2020-09-08 19:48:50.413 [ main ] - [ INFO  ] [ com.vardea.blog.BlogApplicationTests : 61 ] - Started BlogApplicationTests in 8.65 seconds (JVM running for 11.993)
2020-09-08 19:49:56.369 [ main ] - [ INFO  ] [ com.vardea.blog.BlogApplicationTests : 55 ] - Starting BlogApplicationTests on Vostro-14-3449 with PID 5448 (started by leing in E:\DevelopFiles\JAVA\Idea\VarDea-Blog)
2020-09-08 19:49:56.373 [ main ] - [ DEBUG ] [ com.vardea.blog.BlogApplicationTests : 56 ] - Running with Spring Boot v2.3.2.RELEASE, Spring v5.2.8.RELEASE
2020-09-08 19:49:56.374 [ main ] - [ INFO  ] [ com.vardea.blog.BlogApplicationTests : 655 ] - The following profiles are active: dev
2020-09-08 19:49:58.106 [ main ] - [ DEBUG ] [ org.apache.ibatis.logging.LogFactory : 105 ] - Logging initialized using 'class org.apache.ibatis.logging.slf4j.Slf4jImpl' adapter.
2020-09-08 19:50:01.373 [ main ] - [ DEBUG ] [ o.h.v.m.ResourceBundleMessageInterpolator : 172 ] - Loaded expression factory via original TCCL
2020-09-08 19:50:01.397 [ main ] - [ DEBUG ] [ o.h.v.internal.engine.AbstractConfigurationImpl : 171 ] - Setting custom MessageInterpolator of type org.springframework.validation.beanvalidation.LocaleContextMessageInterpolator
2020-09-08 19:50:01.399 [ main ] - [ DEBUG ] [ o.h.v.internal.engine.AbstractConfigurationImpl : 203 ] - Setting custom ConstraintValidatorFactory of type org.springframework.validation.beanvalidation.SpringConstraintValidatorFactory
2020-09-08 19:50:01.401 [ main ] - [ DEBUG ] [ o.h.v.internal.engine.AbstractConfigurationImpl : 217 ] - Setting custom ParameterNameProvider of type org.springframework.validation.beanvalidation.LocalValidatorFactoryBean$1
2020-09-08 19:50:01.403 [ main ] - [ DEBUG ] [ o.h.v.internal.xml.config.ValidationXmlParser : 120 ] - Trying to load META-INF/validation.xml for XML based Validator configuration.
2020-09-08 19:50:01.404 [ main ] - [ DEBUG ] [ o.h.v.internal.xml.config.ResourceLoaderHelper : 53 ] - Trying to load META-INF/validation.xml via user class loader
2020-09-08 19:50:01.405 [ main ] - [ DEBUG ] [ o.h.v.internal.xml.config.ResourceLoaderHelper : 60 ] - Trying to load META-INF/validation.xml via TCCL
2020-09-08 19:50:01.407 [ main ] - [ DEBUG ] [ o.h.v.internal.xml.config.ResourceLoaderHelper : 66 ] - Trying to load META-INF/validation.xml via Hibernate Validator's class loader
2020-09-08 19:50:01.409 [ main ] - [ DEBUG ] [ o.h.v.internal.xml.config.ValidationXmlParser : 127 ] - No META-INF/validation.xml found. Using annotation based configuration only.
2020-09-08 19:50:01.412 [ main ] - [ DEBUG ] [ o.h.v.i.engine.resolver.TraversableResolvers : 60 ] - Cannot find javax.persistence.Persistence on classpath. Assuming non JPA 2 environment. All properties will per default be traversable.
2020-09-08 19:50:01.418 [ main ] - [ DEBUG ] [ o.h.v.i.engine.ValidatorFactoryConfigurationHelper : 300 ] - HV000252: Using org.hibernate.validator.internal.engine.DefaultPropertyNodeNameProvider as property node name provider.
2020-09-08 19:50:01.419 [ main ] - [ DEBUG ] [ o.h.v.i.engine.ValidatorFactoryConfigurationHelper : 375 ] - HV000234: Using org.springframework.validation.beanvalidation.LocaleContextMessageInterpolator as ValidatorFactory-scoped message interpolator.
2020-09-08 19:50:01.420 [ main ] - [ DEBUG ] [ o.h.v.i.engine.ValidatorFactoryConfigurationHelper : 376 ] - HV000234: Using org.hibernate.validator.internal.engine.resolver.TraverseAllTraversableResolver as ValidatorFactory-scoped traversable resolver.
2020-09-08 19:50:01.422 [ main ] - [ DEBUG ] [ o.h.v.i.engine.ValidatorFactoryConfigurationHelper : 377 ] - HV000234: Using org.hibernate.validator.internal.util.ExecutableParameterNameProvider as ValidatorFactory-scoped parameter name provider.
2020-09-08 19:50:01.424 [ main ] - [ DEBUG ] [ o.h.v.i.engine.ValidatorFactoryConfigurationHelper : 378 ] - HV000234: Using org.hibernate.validator.internal.engine.DefaultClockProvider as ValidatorFactory-scoped clock provider.
2020-09-08 19:50:01.425 [ main ] - [ DEBUG ] [ o.h.v.i.engine.ValidatorFactoryConfigurationHelper : 379 ] - HV000234: Using org.hibernate.validator.internal.engine.scripting.DefaultScriptEvaluatorFactory as ValidatorFactory-scoped script evaluator factory.
2020-09-08 19:50:02.761 [ main ] - [ DEBUG ] [ com.zaxxer.hikari.HikariConfig : 946 ] - Driver class com.mysql.jdbc.Driver found in Thread context class loader sun.misc.Launcher$AppClassLoader@18b4aac2
2020-09-08 19:50:03.558 [ main ] - [ INFO  ] [ com.vardea.blog.BlogApplicationTests : 61 ] - Started BlogApplicationTests in 8.728 seconds (JVM running for 11.822)
2020-09-08 19:50:41.377 [ main ] - [ INFO  ] [ com.vardea.blog.BlogApplicationTests : 55 ] - Starting BlogApplicationTests on Vostro-14-3449 with PID 9288 (started by leing in E:\DevelopFiles\JAVA\Idea\VarDea-Blog)
2020-09-08 19:50:41.380 [ main ] - [ DEBUG ] [ com.vardea.blog.BlogApplicationTests : 56 ] - Running with Spring Boot v2.3.2.RELEASE, Spring v5.2.8.RELEASE
2020-09-08 19:50:41.382 [ main ] - [ INFO  ] [ com.vardea.blog.BlogApplicationTests : 655 ] - The following profiles are active: dev
2020-09-08 19:50:51.373 [ main ] - [ INFO  ] [ com.vardea.blog.BlogApplicationTests : 61 ] - Started BlogApplicationTests in 11.548 seconds (JVM running for 14.289)
2020-09-08 19:51:05.534 [ main ] - [ INFO  ] [ com.vardea.blog.BlogApplicationTests : 55 ] - Starting BlogApplicationTests on Vostro-14-3449 with PID 3180 (started by leing in E:\DevelopFiles\JAVA\Idea\VarDea-Blog)
2020-09-08 19:51:05.539 [ main ] - [ DEBUG ] [ com.vardea.blog.BlogApplicationTests : 56 ] - Running with Spring Boot v2.3.2.RELEASE, Spring v5.2.8.RELEASE
2020-09-08 19:51:05.539 [ main ] - [ INFO  ] [ com.vardea.blog.BlogApplicationTests : 655 ] - The following profiles are active: dev
2020-09-08 19:51:16.480 [ main ] - [ INFO  ] [ com.vardea.blog.BlogApplicationTests : 61 ] - Started BlogApplicationTests in 12.609 seconds (JVM running for 15.219)
2020-09-08 19:51:17.106 [ main ] - [ INFO  ] [ com.zaxxer.hikari.HikariDataSource : 110 ] - HikariPool-1 - Starting...
2020-09-08 19:51:18.518 [ main ] - [ INFO  ] [ com.zaxxer.hikari.HikariDataSource : 123 ] - HikariPool-1 - Start completed.
2020-09-08 19:51:18.569 [ SpringContextShutdownHook ] - [ INFO  ] [ com.zaxxer.hikari.HikariDataSource : 350 ] - HikariPool-1 - Shutdown initiated...
2020-09-08 19:51:18.576 [ SpringContextShutdownHook ] - [ INFO  ] [ com.zaxxer.hikari.HikariDataSource : 352 ] - HikariPool-1 - Shutdown completed.
2020-09-08 19:52:46.430 [ main ] - [ INFO  ] [ com.vardea.blog.BlogApplicationTests : 55 ] - Starting BlogApplicationTests on Vostro-14-3449 with PID 1104 (started by leing in E:\DevelopFiles\JAVA\Idea\VarDea-Blog)
2020-09-08 19:52:46.437 [ main ] - [ DEBUG ] [ com.vardea.blog.BlogApplicationTests : 56 ] - Running with Spring Boot v2.3.2.RELEASE, Spring v5.2.8.RELEASE
2020-09-08 19:52:46.438 [ main ] - [ INFO  ] [ com.vardea.blog.BlogApplicationTests : 655 ] - The following profiles are active: dev
2020-09-08 19:52:52.978 [ main ] - [ INFO  ] [ com.vardea.blog.BlogApplicationTests : 61 ] - Started BlogApplicationTests in 8.189 seconds (JVM running for 10.806)
2020-09-08 19:52:53.420 [ main ] - [ INFO  ] [ com.zaxxer.hikari.HikariDataSource : 110 ] - HikariPool-1 - Starting...
2020-09-08 19:52:54.671 [ main ] - [ INFO  ] [ com.zaxxer.hikari.HikariDataSource : 123 ] - HikariPool-1 - Start completed.
2020-09-08 19:52:54.716 [ SpringContextShutdownHook ] - [ INFO  ] [ com.zaxxer.hikari.HikariDataSource : 350 ] - HikariPool-1 - Shutdown initiated...
2020-09-08 19:52:54.723 [ SpringContextShutdownHook ] - [ INFO  ] [ com.zaxxer.hikari.HikariDataSource : 352 ] - HikariPool-1 - Shutdown completed.
2020-09-08 19:55:11.219 [ main ] - [ INFO  ] [ com.vardea.blog.BlogApplicationTests : 55 ] - Starting BlogApplicationTests on Vostro-14-3449 with PID 10124 (started by leing in E:\DevelopFiles\JAVA\Idea\VarDea-Blog)
2020-09-08 19:55:11.222 [ main ] - [ DEBUG ] [ com.vardea.blog.BlogApplicationTests : 56 ] - Running with Spring Boot v2.3.2.RELEASE, Spring v5.2.8.RELEASE
2020-09-08 19:55:11.225 [ main ] - [ INFO  ] [ com.vardea.blog.BlogApplicationTests : 655 ] - The following profiles are active: dev
2020-09-08 19:55:18.865 [ main ] - [ INFO  ] [ c.a.d.s.b.a.DruidDataSourceAutoConfigure : 56 ] - Init DruidDataSource
2020-09-08 19:55:21.125 [ main ] - [ INFO  ] [ com.alibaba.druid.pool.DruidDataSource : 930 ] - {dataSource-1} inited
2020-09-08 19:55:22.266 [ main ] - [ INFO  ] [ com.vardea.blog.BlogApplicationTests : 61 ] - Started BlogApplicationTests in 12.697 seconds (JVM running for 15.599)
2020-09-08 19:55:22.814 [ SpringContextShutdownHook ] - [ INFO  ] [ com.alibaba.druid.pool.DruidDataSource : 1825 ] - {dataSource-1} closed
2020-09-08 19:56:01.315 [ main ] - [ INFO  ] [ com.vardea.blog.BlogApplicationTests : 55 ] - Starting BlogApplicationTests on Vostro-14-3449 with PID 8700 (started by leing in E:\DevelopFiles\JAVA\Idea\VarDea-Blog)
2020-09-08 19:56:01.318 [ main ] - [ DEBUG ] [ com.vardea.blog.BlogApplicationTests : 56 ] - Running with Spring Boot v2.3.2.RELEASE, Spring v5.2.8.RELEASE
2020-09-08 19:56:01.319 [ main ] - [ INFO  ] [ com.vardea.blog.BlogApplicationTests : 655 ] - The following profiles are active: dev
2020-09-08 19:56:08.416 [ main ] - [ INFO  ] [ c.a.d.s.b.a.DruidDataSourceAutoConfigure : 56 ] - Init DruidDataSource
2020-09-08 19:56:10.607 [ main ] - [ INFO  ] [ com.alibaba.druid.pool.DruidDataSource : 930 ] - {dataSource-1} inited
2020-09-08 19:56:11.517 [ main ] - [ INFO  ] [ com.vardea.blog.BlogApplicationTests : 61 ] - Started BlogApplicationTests in 11.707 seconds (JVM running for 14.721)
2020-09-08 19:56:12.136 [ SpringContextShutdownHook ] - [ INFO  ] [ com.alibaba.druid.pool.DruidDataSource : 1825 ] - {dataSource-1} closed
2020-09-08 19:56:24.510 [ restartedMain ] - [ INFO  ] [ com.vardea.blog.BlogApplication : 55 ] - Starting BlogApplication on Vostro-14-3449 with PID 3192 (E:\DevelopFiles\JAVA\Idea\VarDea-Blog\target\classes started by leing in E:\DevelopFiles\JAVA\Idea\VarDea-Blog)
2020-09-08 19:56:24.515 [ restartedMain ] - [ DEBUG ] [ com.vardea.blog.BlogApplication : 56 ] - Running with Spring Boot v2.3.2.RELEASE, Spring v5.2.8.RELEASE
2020-09-08 19:56:24.516 [ restartedMain ] - [ INFO  ] [ com.vardea.blog.BlogApplication : 655 ] - The following profiles are active: dev
2020-09-08 19:56:26.632 [ restartedMain ] - [ INFO  ] [ org.apache.coyote.http11.Http11NioProtocol : 173 ] - Initializing ProtocolHandler ["http-nio-80"]
2020-09-08 19:56:26.633 [ restartedMain ] - [ INFO  ] [ org.apache.catalina.core.StandardService : 173 ] - Starting service [Tomcat]
2020-09-08 19:56:26.633 [ restartedMain ] - [ INFO  ] [ org.apache.catalina.core.StandardEngine : 173 ] - Starting Servlet engine: [Apache Tomcat/9.0.37]
2020-09-08 19:56:26.863 [ restartedMain ] - [ INFO  ] [ o.a.c.core.ContainerBase.[Tomcat].[localhost].[/] : 173 ] - Initializing Spring embedded WebApplicationContext
2020-09-08 19:56:28.132 [ restartedMain ] - [ INFO  ] [ c.a.d.s.b.a.DruidDataSourceAutoConfigure : 56 ] - Init DruidDataSource
2020-09-08 19:56:29.213 [ restartedMain ] - [ INFO  ] [ com.alibaba.druid.pool.DruidDataSource : 930 ] - {dataSource-1} inited
2020-09-08 19:56:29.780 [ restartedMain ] - [ INFO  ] [ org.apache.coyote.http11.Http11NioProtocol : 173 ] - Starting ProtocolHandler ["http-nio-80"]
2020-09-08 19:56:29.863 [ restartedMain ] - [ INFO  ] [ com.vardea.blog.BlogApplication : 61 ] - Started BlogApplication in 6.462 seconds (JVM running for 8.544)
2020-09-08 19:56:47.727 [ http-nio-80-exec-1 ] - [ INFO  ] [ o.a.c.core.ContainerBase.[Tomcat].[localhost].[/] : 173 ] - Initializing Spring DispatcherServlet 'dispatcherServlet'
2020-09-08 19:56:47.817 [ task-2 ] - [ INFO  ] [ com.vardea.blog.aspect.LogAspect : 53 ] - result: index
2020-09-08 19:56:47.818 [ task-3 ] - [ INFO  ] [ com.vardea.blog.aspect.LogAspect : 48 ] - ===============after================
2020-09-08 19:57:28.188 [ task-5 ] - [ INFO  ] [ com.vardea.blog.aspect.LogAspect : 53 ] - result: info
2020-09-08 19:57:28.193 [ task-6 ] - [ INFO  ] [ com.vardea.blog.aspect.LogAspect : 48 ] - ===============after================
2020-09-08 19:57:33.569 [ task-2 ] - [ INFO  ] [ com.vardea.blog.aspect.LogAspect : 48 ] - ===============after================
2020-09-08 19:57:33.570 [ task-8 ] - [ INFO  ] [ com.vardea.blog.aspect.LogAspect : 53 ] - result: info
2020-09-08 19:59:51.893 [ restartedMain ] - [ INFO  ] [ com.vardea.blog.BlogApplication : 55 ] - Starting BlogApplication on Vostro-14-3449 with PID 10936 (E:\DevelopFiles\JAVA\Idea\VarDea-Blog\target\classes started by leing in E:\DevelopFiles\JAVA\Idea\VarDea-Blog)
2020-09-08 19:59:51.898 [ restartedMain ] - [ DEBUG ] [ com.vardea.blog.BlogApplication : 56 ] - Running with Spring Boot v2.3.2.RELEASE, Spring v5.2.8.RELEASE
2020-09-08 19:59:51.899 [ restartedMain ] - [ INFO  ] [ com.vardea.blog.BlogApplication : 655 ] - The following profiles are active: dev
2020-09-08 19:59:53.935 [ restartedMain ] - [ INFO  ] [ org.apache.coyote.http11.Http11NioProtocol : 173 ] - Initializing ProtocolHandler ["http-nio-80"]
2020-09-08 19:59:53.936 [ restartedMain ] - [ INFO  ] [ org.apache.catalina.core.StandardService : 173 ] - Starting service [Tomcat]
2020-09-08 19:59:53.937 [ restartedMain ] - [ INFO  ] [ org.apache.catalina.core.StandardEngine : 173 ] - Starting Servlet engine: [Apache Tomcat/9.0.37]
2020-09-08 19:59:54.172 [ restartedMain ] - [ INFO  ] [ o.a.c.core.ContainerBase.[Tomcat].[localhost].[/] : 173 ] - Initializing Spring embedded WebApplicationContext
2020-09-08 19:59:55.422 [ restartedMain ] - [ INFO  ] [ c.a.d.s.b.a.DruidDataSourceAutoConfigure : 56 ] - Init DruidDataSource
2020-09-08 19:59:56.444 [ restartedMain ] - [ INFO  ] [ com.alibaba.druid.pool.DruidDataSource : 930 ] - {dataSource-1} inited
2020-09-08 19:59:56.969 [ restartedMain ] - [ INFO  ] [ org.apache.coyote.http11.Http11NioProtocol : 173 ] - Starting ProtocolHandler ["http-nio-80"]
2020-09-08 19:59:57.029 [ restartedMain ] - [ INFO  ] [ com.vardea.blog.BlogApplication : 61 ] - Started BlogApplication in 6.177 seconds (JVM running for 8.016)
2020-09-08 20:00:24.704 [ http-nio-80-exec-1 ] - [ INFO  ] [ o.a.c.core.ContainerBase.[Tomcat].[localhost].[/] : 173 ] - Initializing Spring DispatcherServlet 'dispatcherServlet'
2020-09-08 20:00:24.821 [ task-2 ] - [ INFO  ] [ com.vardea.blog.aspect.LogAspect : 53 ] - result: info
2020-09-08 20:00:24.822 [ task-3 ] - [ INFO  ] [ com.vardea.blog.aspect.LogAspect : 48 ] - ===============after================
2020-09-08 20:01:28.995 [ restartedMain ] - [ INFO  ] [ com.vardea.blog.BlogApplication : 55 ] - Starting BlogApplication on Vostro-14-3449 with PID 4492 (E:\DevelopFiles\JAVA\Idea\VarDea-Blog\target\classes started by leing in E:\DevelopFiles\JAVA\Idea\VarDea-Blog)
2020-09-08 20:01:29.002 [ restartedMain ] - [ DEBUG ] [ com.vardea.blog.BlogApplication : 56 ] - Running with Spring Boot v2.3.2.RELEASE, Spring v5.2.8.RELEASE
2020-09-08 20:01:29.003 [ restartedMain ] - [ INFO  ] [ com.vardea.blog.BlogApplication : 655 ] - The following profiles are active: dev
2020-09-08 20:01:31.745 [ restartedMain ] - [ INFO  ] [ org.apache.coyote.http11.Http11NioProtocol : 173 ] - Initializing ProtocolHandler ["http-nio-80"]
2020-09-08 20:01:31.747 [ restartedMain ] - [ INFO  ] [ org.apache.catalina.core.StandardService : 173 ] - Starting service [Tomcat]
2020-09-08 20:01:31.748 [ restartedMain ] - [ INFO  ] [ org.apache.catalina.core.StandardEngine : 173 ] - Starting Servlet engine: [Apache Tomcat/9.0.37]
2020-09-08 20:01:31.895 [ restartedMain ] - [ INFO  ] [ o.a.c.core.ContainerBase.[Tomcat].[localhost].[/] : 173 ] - Initializing Spring embedded WebApplicationContext
2020-09-08 20:01:33.202 [ restartedMain ] - [ INFO  ] [ c.a.d.s.b.a.DruidDataSourceAutoConfigure : 56 ] - Init DruidDataSource
2020-09-08 20:01:34.245 [ restartedMain ] - [ INFO  ] [ com.alibaba.druid.pool.DruidDataSource : 930 ] - {dataSource-1} inited
2020-09-08 20:01:34.770 [ restartedMain ] - [ INFO  ] [ org.apache.coyote.http11.Http11NioProtocol : 173 ] - Starting ProtocolHandler ["http-nio-80"]
2020-09-08 20:01:34.829 [ restartedMain ] - [ INFO  ] [ com.vardea.blog.BlogApplication : 61 ] - Started BlogApplication in 6.997 seconds (JVM running for 8.867)
2020-09-08 20:01:49.681 [ http-nio-80-exec-1 ] - [ INFO  ] [ o.a.c.core.ContainerBase.[Tomcat].[localhost].[/] : 173 ] - Initializing Spring DispatcherServlet 'dispatcherServlet'
2020-09-08 20:01:49.774 [ task-2 ] - [ INFO  ] [ com.vardea.blog.aspect.LogAspect : 53 ] - result: info
2020-09-08 20:01:49.775 [ task-3 ] - [ INFO  ] [ com.vardea.blog.aspect.LogAspect : 48 ] - ===============after================
2020-09-08 20:02:37.647 [ restartedMain ] - [ INFO  ] [ com.vardea.blog.BlogApplication : 55 ] - Starting BlogApplication on Vostro-14-3449 with PID 4100 (E:\DevelopFiles\JAVA\Idea\VarDea-Blog\target\classes started by leing in E:\DevelopFiles\JAVA\Idea\VarDea-Blog)
2020-09-08 20:02:37.651 [ restartedMain ] - [ DEBUG ] [ com.vardea.blog.BlogApplication : 56 ] - Running with Spring Boot v2.3.2.RELEASE, Spring v5.2.8.RELEASE
2020-09-08 20:02:37.652 [ restartedMain ] - [ INFO  ] [ com.vardea.blog.BlogApplication : 655 ] - The following profiles are active: dev
2020-09-08 20:02:39.706 [ restartedMain ] - [ INFO  ] [ org.apache.coyote.http11.Http11NioProtocol : 173 ] - Initializing ProtocolHandler ["http-nio-80"]
2020-09-08 20:02:39.707 [ restartedMain ] - [ INFO  ] [ org.apache.catalina.core.StandardService : 173 ] - Starting service [Tomcat]
2020-09-08 20:02:39.707 [ restartedMain ] - [ INFO  ] [ org.apache.catalina.core.StandardEngine : 173 ] - Starting Servlet engine: [Apache Tomcat/9.0.37]
2020-09-08 20:02:39.922 [ restartedMain ] - [ INFO  ] [ o.a.c.core.ContainerBase.[Tomcat].[localhost].[/] : 173 ] - Initializing Spring embedded WebApplicationContext
2020-09-08 20:02:41.161 [ restartedMain ] - [ INFO  ] [ c.a.d.s.b.a.DruidDataSourceAutoConfigure : 56 ] - Init DruidDataSource
2020-09-08 20:02:42.193 [ restartedMain ] - [ INFO  ] [ com.alibaba.druid.pool.DruidDataSource : 930 ] - {dataSource-1} inited
2020-09-08 20:02:42.729 [ restartedMain ] - [ INFO  ] [ org.apache.coyote.http11.Http11NioProtocol : 173 ] - Starting ProtocolHandler ["http-nio-80"]
2020-09-08 20:02:42.794 [ restartedMain ] - [ INFO  ] [ com.vardea.blog.BlogApplication : 61 ] - Started BlogApplication in 6.374 seconds (JVM running for 8.364)
2020-09-08 20:02:58.248 [ http-nio-80-exec-1 ] - [ INFO  ] [ o.a.c.core.ContainerBase.[Tomcat].[localhost].[/] : 173 ] - Initializing Spring DispatcherServlet 'dispatcherServlet'
2020-09-08 20:05:42.665 [ restartedMain ] - [ INFO  ] [ com.vardea.blog.BlogApplication : 55 ] - Starting BlogApplication on Vostro-14-3449 with PID 8932 (E:\DevelopFiles\JAVA\Idea\VarDea-Blog\target\classes started by leing in E:\DevelopFiles\JAVA\Idea\VarDea-Blog)
2020-09-08 20:05:42.671 [ restartedMain ] - [ DEBUG ] [ com.vardea.blog.BlogApplication : 56 ] - Running with Spring Boot v2.3.2.RELEASE, Spring v5.2.8.RELEASE
2020-09-08 20:05:42.671 [ restartedMain ] - [ INFO  ] [ com.vardea.blog.BlogApplication : 655 ] - The following profiles are active: dev
2020-09-08 20:05:44.791 [ restartedMain ] - [ INFO  ] [ org.apache.coyote.http11.Http11NioProtocol : 173 ] - Initializing ProtocolHandler ["http-nio-80"]
2020-09-08 20:05:44.792 [ restartedMain ] - [ INFO  ] [ org.apache.catalina.core.StandardService : 173 ] - Starting service [Tomcat]
2020-09-08 20:05:44.792 [ restartedMain ] - [ INFO  ] [ org.apache.catalina.core.StandardEngine : 173 ] - Starting Servlet engine: [Apache Tomcat/9.0.37]
2020-09-08 20:05:45.016 [ restartedMain ] - [ INFO  ] [ o.a.c.core.ContainerBase.[Tomcat].[localhost].[/] : 173 ] - Initializing Spring embedded WebApplicationContext
2020-09-08 20:05:46.305 [ restartedMain ] - [ INFO  ] [ c.a.d.s.b.a.DruidDataSourceAutoConfigure : 56 ] - Init DruidDataSource
2020-09-08 20:05:47.362 [ restartedMain ] - [ INFO  ] [ com.alibaba.druid.pool.DruidDataSource : 930 ] - {dataSource-1} inited
2020-09-08 20:05:47.908 [ restartedMain ] - [ INFO  ] [ org.apache.coyote.http11.Http11NioProtocol : 173 ] - Starting ProtocolHandler ["http-nio-80"]
2020-09-08 20:05:47.966 [ restartedMain ] - [ INFO  ] [ com.vardea.blog.BlogApplication : 61 ] - Started BlogApplication in 6.505 seconds (JVM running for 8.675)
2020-09-08 20:17:16.152 [ restartedMain ] - [ INFO  ] [ com.vardea.blog.BlogApplication : 55 ] - Starting BlogApplication on Vostro-14-3449 with PID 5672 (E:\DevelopFiles\JAVA\Idea\VarDea-Blog\target\classes started by leing in E:\DevelopFiles\JAVA\Idea\VarDea-Blog)
2020-09-08 20:17:16.164 [ restartedMain ] - [ DEBUG ] [ com.vardea.blog.BlogApplication : 56 ] - Running with Spring Boot v2.3.2.RELEASE, Spring v5.2.8.RELEASE
2020-09-08 20:17:16.165 [ restartedMain ] - [ INFO  ] [ com.vardea.blog.BlogApplication : 655 ] - The following profiles are active: dev
2020-09-08 20:17:19.274 [ restartedMain ] - [ INFO  ] [ org.apache.coyote.http11.Http11NioProtocol : 173 ] - Initializing ProtocolHandler ["http-nio-80"]
2020-09-08 20:17:19.275 [ restartedMain ] - [ INFO  ] [ org.apache.catalina.core.StandardService : 173 ] - Starting service [Tomcat]
2020-09-08 20:17:19.275 [ restartedMain ] - [ INFO  ] [ org.apache.catalina.core.StandardEngine : 173 ] - Starting Servlet engine: [Apache Tomcat/9.0.37]
2020-09-08 20:17:19.451 [ restartedMain ] - [ INFO  ] [ o.a.c.core.ContainerBase.[Tomcat].[localhost].[/] : 173 ] - Initializing Spring embedded WebApplicationContext
2020-09-08 20:17:21.248 [ restartedMain ] - [ INFO  ] [ c.a.d.s.b.a.DruidDataSourceAutoConfigure : 56 ] - Init DruidDataSource
2020-09-08 20:17:22.568 [ restartedMain ] - [ INFO  ] [ com.alibaba.druid.pool.DruidDataSource : 930 ] - {dataSource-1} inited
2020-09-08 20:17:25.258 [ restartedMain ] - [ INFO  ] [ org.apache.coyote.http11.Http11NioProtocol : 173 ] - Starting ProtocolHandler ["http-nio-80"]
2020-09-08 20:17:25.306 [ restartedMain ] - [ INFO  ] [ com.vardea.blog.BlogApplication : 61 ] - Started BlogApplication in 10.607 seconds (JVM running for 13.172)
